Epochs: 300
Epoch 0 : [ MAE: 0.9776561260223389, PLCC: 0.07598159462213516 SROCC: 0.061442550271749496 Validation: Val_MAE: 0.8909196257591248, Val_PLCC: -0.11030164361000061 Val_SROCC: -0.09235271066427231 ]
Epoch 1 : [ MAE: 0.8697213530540466, PLCC: 0.007928945124149323 SROCC: -0.12878209352493286 Validation: Val_MAE: 0.7832044363021851, Val_PLCC: -0.09971007704734802 Val_SROCC: -0.08918830752372742 ]
Epoch 2 : [ MAE: 0.761843740940094, PLCC: 0.0476260669529438 SROCC: -0.029889553785324097 Validation: Val_MAE: 0.6756152510643005, Val_PLCC: -0.08897405117750168 Val_SROCC: -0.08593721687793732 ]
Epoch 3 : [ MAE: 0.6541682481765747, PLCC: 0.074312724173069 SROCC: 0.03667071461677551 Validation: Val_MAE: 0.5703139305114746, Val_PLCC: -0.07812558859586716 Val_SROCC: -0.07778780907392502 ]
Epoch 4 : [ MAE: 0.5490018129348755, PLCC: 0.1173965260386467 SROCC: 0.1620509773492813 Validation: Val_MAE: 0.47014227509498596, Val_PLCC: -0.0672302171587944 Val_SROCC: -0.0720369890332222 ]
Epoch 5 : [ MAE: 0.4477730393409729, PLCC: 0.022336095571517944 SROCC: -0.12025506049394608 Validation: Val_MAE: 0.37556472420692444, Val_PLCC: -0.0563608855009079 Val_SROCC: -0.05790557339787483 ]
Epoch 6 : [ MAE: 0.35334283113479614, PLCC: 0.09671777486801147 SROCC: 0.10790660977363586 Validation: Val_MAE: 0.2994198203086853, Val_PLCC: -0.04555649682879448 Val_SROCC: -0.035855941474437714 ]
Epoch 7 : [ MAE: 0.2724647521972656, PLCC: 0.09949201345443726 SROCC: 0.09268833696842194 Validation: Val_MAE: 0.24045534431934357, Val_PLCC: -0.03494753688573837 Val_SROCC: -0.024238701909780502 ]
Epoch 8 : [ MAE: 0.21501794457435608, PLCC: 0.07316407561302185 SROCC: -0.04593205451965332 Validation: Val_MAE: 0.19557704031467438, Val_PLCC: -0.024699483066797256 Val_SROCC: -0.0026369974948465824 ]
Epoch 9 : [ MAE: 0.1809837967157364, PLCC: 0.13438111543655396 SROCC: 0.25367531180381775 Validation: Val_MAE: 0.17706960439682007, Val_PLCC: -0.014838487841188908 Val_SROCC: 0.014817758463323116 ]
Epoch 10 : [ MAE: 0.1740637570619583, PLCC: 0.10643258690834045 SROCC: 0.1359304040670395 Validation: Val_MAE: 0.19009384512901306, Val_PLCC: -0.005638208240270615 Val_SROCC: 0.02368962951004505 ]
Epoch 11 : [ MAE: 0.1838790476322174, PLCC: 0.14131534099578857 SROCC: 0.12107928842306137 Validation: Val_MAE: 0.2084328830242157, Val_PLCC: 0.002622423227876425 Val_SROCC: 0.029411552473902702 ]
Epoch 12 : [ MAE: 0.19987575709819794, PLCC: 0.10574126243591309 SROCC: -0.004870445933192968 Validation: Val_MAE: 0.21971558034420013, Val_PLCC: 0.00966774020344019 Val_SROCC: 0.03653505817055702 ]
Epoch 13 : [ MAE: 0.21150048077106476, PLCC: 0.11216343939304352 SROCC: 0.10136522352695465 Validation: Val_MAE: 0.2220742404460907, Val_PLCC: 0.015534716658294201 Val_SROCC: 0.04423653334379196 ]
Epoch 14 : [ MAE: 0.2129768580198288, PLCC: 0.12340658903121948 SROCC: 0.07199268788099289 Validation: Val_MAE: 0.21643346548080444, Val_PLCC: 0.020265653729438782 Val_SROCC: 0.04956832528114319 ]
Epoch 15 : [ MAE: 0.20525799691677094, PLCC: 0.0774274691939354 SROCC: -0.04691363498568535 Validation: Val_MAE: 0.20522694289684296, Val_PLCC: 0.024217620491981506 Val_SROCC: 0.05060867592692375 ]
Epoch 16 : [ MAE: 0.19301296770572662, PLCC: 0.14203542470932007 SROCC: 0.18116560578346252 Validation: Val_MAE: 0.19175298511981964, Val_PLCC: 0.0277290940284729 Val_SROCC: 0.053050607442855835 ]
Epoch 17 : [ MAE: 0.18068091571331024, PLCC: 0.16939395666122437 SROCC: 0.15830448269844055 Validation: Val_MAE: 0.18138487637043, Val_PLCC: 0.03136091306805611 Val_SROCC: 0.05751544237136841 ]
Epoch 18 : [ MAE: 0.1724756956100464, PLCC: 0.102321095764637 SROCC: -0.0012288510333746672 Validation: Val_MAE: 0.17520412802696228, Val_PLCC: 0.03549835830926895 Val_SROCC: 0.06180688366293907 ]
Epoch 19 : [ MAE: 0.1694345623254776, PLCC: 0.13722634315490723 SROCC: 0.15629635751247406 Validation: Val_MAE: 0.17531438171863556, Val_PLCC: 0.04045754298567772 Val_SROCC: 0.06322291493415833 ]
Epoch 20 : [ MAE: 0.16972839832305908, PLCC: 0.13159701228141785 SROCC: 0.08902426064014435 Validation: Val_MAE: 0.1781713217496872, Val_PLCC: 0.04625507816672325 Val_SROCC: 0.07210923731327057 ]
Epoch 21 : [ MAE: 0.17215460538864136, PLCC: 0.13993048667907715 SROCC: 0.08010010421276093 Validation: Val_MAE: 0.18078002333641052, Val_PLCC: 0.05288596823811531 Val_SROCC: 0.07680525630712509 ]
Epoch 22 : [ MAE: 0.1736682802438736, PLCC: 0.1668476164340973 SROCC: 0.12119168788194656 Validation: Val_MAE: 0.18189622461795807, Val_PLCC: 0.06064965948462486 Val_SROCC: 0.08268612623214722 ]
Epoch 23 : [ MAE: 0.17419220507144928, PLCC: 0.13938100636005402 SROCC: 0.07049408555030823 Validation: Val_MAE: 0.1809689998626709, Val_PLCC: 0.06913720816373825 Val_SROCC: 0.08934725075960159 ]
Epoch 24 : [ MAE: 0.17330233752727509, PLCC: 0.19329006969928741 SROCC: 0.22310389578342438 Validation: Val_MAE: 0.17856860160827637, Val_PLCC: 0.07818541675806046 Val_SROCC: 0.09392768144607544 ]
Epoch 25 : [ MAE: 0.17142820358276367, PLCC: 0.18838851153850555 SROCC: 0.26983019709587097 Validation: Val_MAE: 0.17579379677772522, Val_PLCC: 0.08758271485567093 Val_SROCC: 0.10399884730577469 ]
Epoch 26 : [ MAE: 0.1696753054857254, PLCC: 0.21011346578598022 SROCC: 0.19352155923843384 Validation: Val_MAE: 0.17310041189193726, Val_PLCC: 0.0971066951751709 Val_SROCC: 0.11656973510980606 ]
Epoch 27 : [ MAE: 0.1677035689353943, PLCC: 0.2038486897945404 SROCC: 0.1846798211336136 Validation: Val_MAE: 0.1713525503873825, Val_PLCC: 0.10660048574209213 Val_SROCC: 0.12877939641475677 ]
Epoch 28 : [ MAE: 0.16627353429794312, PLCC: 0.18860960006713867 SROCC: 0.13341276347637177 Validation: Val_MAE: 0.17102544009685516, Val_PLCC: 0.11588583886623383 Val_SROCC: 0.13932739198207855 ]
Epoch 29 : [ MAE: 0.16586416959762573, PLCC: 0.20557478070259094 SROCC: 0.2022658884525299 Validation: Val_MAE: 0.1716233491897583, Val_PLCC: 0.12501271069049835 Val_SROCC: 0.14822815358638763 ]
Epoch 30 : [ MAE: 0.16622629761695862, PLCC: 0.2292487472295761 SROCC: 0.2181435376405716 Validation: Val_MAE: 0.17208395898342133, Val_PLCC: 0.13374857604503632 Val_SROCC: 0.1580536812543869 ]
Epoch 31 : [ MAE: 0.1660715639591217, PLCC: 0.20395129919052124 SROCC: 0.18747471272945404 Validation: Val_MAE: 0.17195458710193634, Val_PLCC: 0.1421150416135788 Val_SROCC: 0.16555286943912506 ]
Epoch 32 : [ MAE: 0.16582009196281433, PLCC: 0.2295857071876526 SROCC: 0.21035832166671753 Validation: Val_MAE: 0.171457439661026, Val_PLCC: 0.15012551844120026 Val_SROCC: 0.17446808516979218 ]
Epoch 33 : [ MAE: 0.1653672605752945, PLCC: 0.22617799043655396 SROCC: 0.2180311381816864 Validation: Val_MAE: 0.17080740630626678, Val_PLCC: 0.15806537866592407 Val_SROCC: 0.1770111620426178 ]
Epoch 34 : [ MAE: 0.16486772894859314, PLCC: 0.21751362085342407 SROCC: 0.11035681515932083 Validation: Val_MAE: 0.16988302767276764, Val_PLCC: 0.16603036224842072 Val_SROCC: 0.18358559906482697 ]
Epoch 35 : [ MAE: 0.1642310470342636, PLCC: 0.29952389001846313 SROCC: 0.35132402181625366 Validation: Val_MAE: 0.16889218986034393, Val_PLCC: 0.1739237904548645 Val_SROCC: 0.18657660484313965 ]
Epoch 36 : [ MAE: 0.1637113094329834, PLCC: 0.2592144012451172 SROCC: 0.3003341853618622 Validation: Val_MAE: 0.16809284687042236, Val_PLCC: 0.18163220584392548 Val_SROCC: 0.196272075176239 ]
Epoch 37 : [ MAE: 0.1633865237236023, PLCC: 0.2871033549308777 SROCC: 0.2603890299797058 Validation: Val_MAE: 0.16752877831459045, Val_PLCC: 0.18928925693035126 Val_SROCC: 0.20368456840515137 ]
Epoch 38 : [ MAE: 0.1628102958202362, PLCC: 0.29573240876197815 SROCC: 0.3603755533695221 Validation: Val_MAE: 0.1671728938817978, Val_PLCC: 0.19678442180156708 Val_SROCC: 0.20723910629749298 ]
Epoch 39 : [ MAE: 0.16249027848243713, PLCC: 0.2943423390388489 SROCC: 0.31240540742874146 Validation: Val_MAE: 0.16686873137950897, Val_PLCC: 0.20413871109485626 Val_SROCC: 0.2128598839044571 ]
Epoch 40 : [ MAE: 0.1621866375207901, PLCC: 0.29352572560310364 SROCC: 0.2787993252277374 Validation: Val_MAE: 0.16654616594314575, Val_PLCC: 0.21132917702198029 Val_SROCC: 0.21901528537273407 ]
Epoch 41 : [ MAE: 0.16188158094882965, PLCC: 0.2631188631057739 SROCC: 0.2282515913248062 Validation: Val_MAE: 0.16619428992271423, Val_PLCC: 0.21852025389671326 Val_SROCC: 0.22363905608654022 ]
Epoch 42 : [ MAE: 0.16151215136051178, PLCC: 0.32174599170684814 SROCC: 0.3778267204761505 Validation: Val_MAE: 0.1658426821231842, Val_PLCC: 0.22583742439746857 Val_SROCC: 0.2338113635778427 ]
Epoch 43 : [ MAE: 0.1611146330833435, PLCC: 0.2860119938850403 SROCC: 0.2832576632499695 Validation: Val_MAE: 0.1656150072813034, Val_PLCC: 0.23299075663089752 Val_SROCC: 0.2422931045293808 ]
Epoch 44 : [ MAE: 0.16075223684310913, PLCC: 0.3063046932220459 SROCC: 0.26017922163009644 Validation: Val_MAE: 0.1654399335384369, Val_PLCC: 0.2399711012840271 Val_SROCC: 0.249301016330719 ]
Epoch 45 : [ MAE: 0.16067072749137878, PLCC: 0.34550949931144714 SROCC: 0.4182364344596863 Validation: Val_MAE: 0.16533681750297546, Val_PLCC: 0.24661266803741455 Val_SROCC: 0.25438717007637024 ]
Epoch 46 : [ MAE: 0.16015169024467468, PLCC: 0.3037567734718323 SROCC: 0.2487599104642868 Validation: Val_MAE: 0.16502775251865387, Val_PLCC: 0.25292691588401794 Val_SROCC: 0.2627388536930084 ]
Epoch 47 : [ MAE: 0.15980231761932373, PLCC: 0.33443188667297363 SROCC: 0.39600473642349243 Validation: Val_MAE: 0.16461454331874847, Val_PLCC: 0.2589403986930847 Val_SROCC: 0.2660332918167114 ]
Epoch 48 : [ MAE: 0.15943415462970734, PLCC: 0.33248624205589294 SROCC: 0.3106595277786255 Validation: Val_MAE: 0.16426029801368713, Val_PLCC: 0.26496854424476624 Val_SROCC: 0.27171188592910767 ]
Epoch 49 : [ MAE: 0.15910546481609344, PLCC: 0.326149582862854 SROCC: 0.30538445711135864 Validation: Val_MAE: 0.1639169454574585, Val_PLCC: 0.2710060477256775 Val_SROCC: 0.27507856488227844 ]
Epoch 50 : [ MAE: 0.1588028520345688, PLCC: 0.33476847410202026 SROCC: 0.3336030840873718 Validation: Val_MAE: 0.16359062492847443, Val_PLCC: 0.27728375792503357 Val_SROCC: 0.27986130118370056 ]
Epoch 51 : [ MAE: 0.15846237540245056, PLCC: 0.361453115940094 SROCC: 0.4622802734375 Validation: Val_MAE: 0.16329553723335266, Val_PLCC: 0.2834983170032501 Val_SROCC: 0.28272223472595215 ]
Epoch 52 : [ MAE: 0.15814714133739471, PLCC: 0.3649638295173645 SROCC: 0.3895457684993744 Validation: Val_MAE: 0.16304439306259155, Val_PLCC: 0.28981104493141174 Val_SROCC: 0.2850630283355713 ]
Epoch 53 : [ MAE: 0.15780602395534515, PLCC: 0.3299819827079773 SROCC: 0.24621228873729706 Validation: Val_MAE: 0.16288867592811584, Val_PLCC: 0.29591041803359985 Val_SROCC: 0.28889209032058716 ]
Epoch 54 : [ MAE: 0.15746226906776428, PLCC: 0.3610227108001709 SROCC: 0.41631075739860535 Validation: Val_MAE: 0.16280663013458252, Val_PLCC: 0.3018437325954437 Val_SROCC: 0.2962901294231415 ]
Epoch 55 : [ MAE: 0.15712694823741913, PLCC: 0.3496578633785248 SROCC: 0.29129013419151306 Validation: Val_MAE: 0.16268429160118103, Val_PLCC: 0.3077141344547272 Val_SROCC: 0.30261895060539246 ]
Epoch 56 : [ MAE: 0.15685732662677765, PLCC: 0.3830205798149109 SROCC: 0.43351465463638306 Validation: Val_MAE: 0.1625518947839737, Val_PLCC: 0.3134954571723938 Val_SROCC: 0.30835530161857605 ]
Epoch 57 : [ MAE: 0.15658843517303467, PLCC: 0.3877207040786743 SROCC: 0.3882494866847992 Validation: Val_MAE: 0.16233833134174347, Val_PLCC: 0.31913918256759644 Val_SROCC: 0.3131091296672821 ]
Epoch 58 : [ MAE: 0.1563069373369217, PLCC: 0.392386257648468 SROCC: 0.40217897295951843 Validation: Val_MAE: 0.16203190386295319, Val_PLCC: 0.3246821165084839 Val_SROCC: 0.31731387972831726 ]
Epoch 59 : [ MAE: 0.1559586524963379, PLCC: 0.35484302043914795 SROCC: 0.3372821509838104 Validation: Val_MAE: 0.16161608695983887, Val_PLCC: 0.32990366220474243 Val_SROCC: 0.32380160689353943 ]
Epoch 60 : [ MAE: 0.15565210580825806, PLCC: 0.3976474702358246 SROCC: 0.46970582008361816 Validation: Val_MAE: 0.16115885972976685, Val_PLCC: 0.3351227343082428 Val_SROCC: 0.32724055647850037 ]
Epoch 61 : [ MAE: 0.1552424132823944, PLCC: 0.3988994359970093 SROCC: 0.43552279472351074 Validation: Val_MAE: 0.16079606115818024, Val_PLCC: 0.3403620421886444 Val_SROCC: 0.33124300837516785 ]
Epoch 62 : [ MAE: 0.15490251779556274, PLCC: 0.38887518644332886 SROCC: 0.3672466278076172 Validation: Val_MAE: 0.16040542721748352, Val_PLCC: 0.3453332483768463 Val_SROCC: 0.3351154029369354 ]
Epoch 63 : [ MAE: 0.1546110361814499, PLCC: 0.39831435680389404 SROCC: 0.40266600251197815 Validation: Val_MAE: 0.16004474461078644, Val_PLCC: 0.35065725445747375 Val_SROCC: 0.3385832607746124 ]
Epoch 64 : [ MAE: 0.1543886661529541, PLCC: 0.4196555018424988 SROCC: 0.4576271176338196 Validation: Val_MAE: 0.15970921516418457, Val_PLCC: 0.3562529981136322 Val_SROCC: 0.3448109030723572 ]
Epoch 65 : [ MAE: 0.15408723056316376, PLCC: 0.4159850478172302 SROCC: 0.4388946294784546 Validation: Val_MAE: 0.15944017469882965, Val_PLCC: 0.3616447448730469 Val_SROCC: 0.34720948338508606 ]
Epoch 66 : [ MAE: 0.15373997390270233, PLCC: 0.432981014251709 SROCC: 0.47124937176704407 Validation: Val_MAE: 0.15921877324581146, Val_PLCC: 0.3669569492340088 Val_SROCC: 0.3500993251800537 ]
Epoch 67 : [ MAE: 0.15338504314422607, PLCC: 0.4191961884498596 SROCC: 0.44275352358818054 Validation: Val_MAE: 0.15896070003509521, Val_PLCC: 0.3721957504749298 Val_SROCC: 0.35624030232429504 ]
Epoch 68 : [ MAE: 0.15308897197246552, PLCC: 0.4382651150226593 SROCC: 0.48842331767082214 Validation: Val_MAE: 0.15866777300834656, Val_PLCC: 0.3776799440383911 Val_SROCC: 0.35784417390823364 ]
Epoch 69 : [ MAE: 0.152825266122818, PLCC: 0.44861525297164917 SROCC: 0.4707023799419403 Validation: Val_MAE: 0.15838347375392914, Val_PLCC: 0.38305991888046265 Val_SROCC: 0.3616732358932495 ]
Epoch 70 : [ MAE: 0.15252281725406647, PLCC: 0.45846059918403625 SROCC: 0.5143266320228577 Validation: Val_MAE: 0.15813536942005157, Val_PLCC: 0.38801565766334534 Val_SROCC: 0.3653866946697235 ]
Epoch 71 : [ MAE: 0.15232312679290771, PLCC: 0.4127874970436096 SROCC: 0.3862563371658325 Validation: Val_MAE: 0.15783418715000153, Val_PLCC: 0.39278796315193176 Val_SROCC: 0.3726113438606262 ]
Epoch 72 : [ MAE: 0.15199965238571167, PLCC: 0.4431852698326111 SROCC: 0.4769590497016907 Validation: Val_MAE: 0.15748077630996704, Val_PLCC: 0.3976512551307678 Val_SROCC: 0.378853440284729 ]
Epoch 73 : [ MAE: 0.15164430439472198, PLCC: 0.4510403275489807 SROCC: 0.5113968253135681 Validation: Val_MAE: 0.15709620714187622, Val_PLCC: 0.40253981947898865 Val_SROCC: 0.38275477290153503 ]
Epoch 74 : [ MAE: 0.1513967216014862, PLCC: 0.3969709277153015 SROCC: 0.27301472425460815 Validation: Val_MAE: 0.15667758882045746, Val_PLCC: 0.40733054280281067 Val_SROCC: 0.3857746720314026 ]
Epoch 75 : [ MAE: 0.1510334014892578, PLCC: 0.45913851261138916 SROCC: 0.49865126609802246 Validation: Val_MAE: 0.15633736550807953, Val_PLCC: 0.41220998764038086 Val_SROCC: 0.3928259313106537 ]
Epoch 76 : [ MAE: 0.150802880525589, PLCC: 0.4458692967891693 SROCC: 0.4546973705291748 Validation: Val_MAE: 0.15601414442062378, Val_PLCC: 0.41713204979896545 Val_SROCC: 0.39560019969940186 ]
Epoch 77 : [ MAE: 0.1505882292985916, PLCC: 0.4327719509601593 SROCC: 0.3957124948501587 Validation: Val_MAE: 0.15567134320735931, Val_PLCC: 0.42232999205589294 Val_SROCC: 0.40335947275161743 ]
Epoch 78 : [ MAE: 0.15038946270942688, PLCC: 0.4557068943977356 SROCC: 0.45109322667121887 Validation: Val_MAE: 0.15533986687660217, Val_PLCC: 0.4275144636631012 Val_SROCC: 0.4057580530643463 ]
Epoch 79 : [ MAE: 0.15017510950565338, PLCC: 0.43101245164871216 SROCC: 0.3276536464691162 Validation: Val_MAE: 0.15499161183834076, Val_PLCC: 0.43278518319129944 Val_SROCC: 0.40990498661994934 ]
Epoch 80 : [ MAE: 0.14994794130325317, PLCC: 0.49753397703170776 SROCC: 0.5833895206451416 Validation: Val_MAE: 0.15460151433944702, Val_PLCC: 0.4382513165473938 Val_SROCC: 0.41020843386650085 ]
Epoch 81 : [ MAE: 0.14967729151248932, PLCC: 0.4742656350135803 SROCC: 0.4288390278816223 Validation: Val_MAE: 0.154245063662529, Val_PLCC: 0.44335609674453735 Val_SROCC: 0.4155402183532715 ]
Epoch 82 : [ MAE: 0.14925336837768555, PLCC: 0.46407079696655273 SROCC: 0.43812286853790283 Validation: Val_MAE: 0.15390342473983765, Val_PLCC: 0.44810912013053894 Val_SROCC: 0.420583039522171 ]
Epoch 83 : [ MAE: 0.14895328879356384, PLCC: 0.4917323887348175 SROCC: 0.472568154335022 Validation: Val_MAE: 0.15356110036373138, Val_PLCC: 0.45280665159225464 Val_SROCC: 0.4224758744239807 ]
Epoch 84 : [ MAE: 0.14871321618556976, PLCC: 0.4572240114212036 SROCC: 0.4787498712539673 Validation: Val_MAE: 0.1532461941242218, Val_PLCC: 0.4573156237602234 Val_SROCC: 0.4284290075302124 ]
Epoch 85 : [ MAE: 0.14846429228782654, PLCC: 0.49519556760787964 SROCC: 0.558580219745636 Validation: Val_MAE: 0.15294107794761658, Val_PLCC: 0.46160686016082764 Val_SROCC: 0.4314344525337219 ]
Epoch 86 : [ MAE: 0.14829134941101074, PLCC: 0.49832209944725037 SROCC: 0.5491615533828735 Validation: Val_MAE: 0.15264159440994263, Val_PLCC: 0.46557220816612244 Val_SROCC: 0.434772253036499 ]
Epoch 87 : [ MAE: 0.14803919196128845, PLCC: 0.47707682847976685 SROCC: 0.48238396644592285 Validation: Val_MAE: 0.15227757394313812, Val_PLCC: 0.469341903924942 Val_SROCC: 0.4383845627307892 ]
Epoch 88 : [ MAE: 0.1477188915014267, PLCC: 0.4665452837944031 SROCC: 0.4281197190284729 Validation: Val_MAE: 0.15197640657424927, Val_PLCC: 0.4729670584201813 Val_SROCC: 0.44302278757095337 ]
Epoch 89 : [ MAE: 0.14746597409248352, PLCC: 0.505273699760437 SROCC: 0.543811559677124 Validation: Val_MAE: 0.15170392394065857, Val_PLCC: 0.4766942262649536 Val_SROCC: 0.4455803334712982 ]
Epoch 90 : [ MAE: 0.1472942978143692, PLCC: 0.5123645663261414 SROCC: 0.5973339676856995 Validation: Val_MAE: 0.15151064097881317, Val_PLCC: 0.4804340898990631 Val_SROCC: 0.4502907991409302 ]
Epoch 91 : [ MAE: 0.14717669785022736, PLCC: 0.49316537380218506 SROCC: 0.4556639492511749 Validation: Val_MAE: 0.15124745666980743, Val_PLCC: 0.4840849041938782 Val_SROCC: 0.4534985423088074 ]
Epoch 92 : [ MAE: 0.14698858559131622, PLCC: 0.4927688241004944 SROCC: 0.45046380162239075 Validation: Val_MAE: 0.15088142454624176, Val_PLCC: 0.4876466989517212 Val_SROCC: 0.45829570293426514 ]
Epoch 93 : [ MAE: 0.14673331379890442, PLCC: 0.5060493350028992 SROCC: 0.5002996921539307 Validation: Val_MAE: 0.15054409205913544, Val_PLCC: 0.49131739139556885 Val_SROCC: 0.4640609622001648 ]
Epoch 94 : [ MAE: 0.14645440876483917, PLCC: 0.49163395166397095 SROCC: 0.4473092555999756 Validation: Val_MAE: 0.15025605261325836, Val_PLCC: 0.49479949474334717 Val_SROCC: 0.46762993931770325 ]
Epoch 95 : [ MAE: 0.14624814689159393, PLCC: 0.48185569047927856 SROCC: 0.42355647683143616 Validation: Val_MAE: 0.1500479280948639, Val_PLCC: 0.49826347827911377 Val_SROCC: 0.4716324210166931 ]
Epoch 96 : [ MAE: 0.14600840210914612, PLCC: 0.482890248298645 SROCC: 0.4194203317165375 Validation: Val_MAE: 0.14986123144626617, Val_PLCC: 0.5017857551574707 Val_SROCC: 0.4742910861968994 ]
Epoch 97 : [ MAE: 0.14585117995738983, PLCC: 0.5405949950218201 SROCC: 0.6114358305931091 Validation: Val_MAE: 0.14960677921772003, Val_PLCC: 0.5051977634429932 Val_SROCC: 0.4768630564212799 ]
Epoch 98 : [ MAE: 0.1456790268421173, PLCC: 0.530275821685791 SROCC: 0.5769155621528625 Validation: Val_MAE: 0.1492631435394287, Val_PLCC: 0.5081741809844971 Val_SROCC: 0.4791460335254669 ]
Epoch 99 : [ MAE: 0.1454186588525772, PLCC: 0.5264430046081543 SROCC: 0.5637204051017761 Validation: Val_MAE: 0.14895521104335785, Val_PLCC: 0.5109465718269348 Val_SROCC: 0.482050359249115 ]
Epoch 100 : [ MAE: 0.14523984491825104, PLCC: 0.5100371241569519 SROCC: 0.5527281761169434 Validation: Val_MAE: 0.148683562874794, Val_PLCC: 0.5139151215553284 Val_SROCC: 0.48225265741348267 ]
Epoch 101 : [ MAE: 0.1450265645980835, PLCC: 0.5400635600090027 SROCC: 0.6338698267936707 Validation: Val_MAE: 0.1484791338443756, Val_PLCC: 0.5167226195335388 Val_SROCC: 0.48460787534713745 ]
Epoch 102 : [ MAE: 0.14487706124782562, PLCC: 0.49710988998413086 SROCC: 0.45911821722984314 Validation: Val_MAE: 0.1482834666967392, Val_PLCC: 0.5193382501602173 Val_SROCC: 0.48600947856903076 ]
Epoch 103 : [ MAE: 0.14471526443958282, PLCC: 0.5367642641067505 SROCC: 0.4847292900085449 Validation: Val_MAE: 0.14802582561969757, Val_PLCC: 0.5221092104911804 Val_SROCC: 0.4906332492828369 ]
Epoch 104 : [ MAE: 0.14453302323818207, PLCC: 0.5368149280548096 SROCC: 0.5817935466766357 Validation: Val_MAE: 0.14776934683322906, Val_PLCC: 0.5250382423400879 Val_SROCC: 0.4950258135795593 ]
Epoch 105 : [ MAE: 0.14446592330932617, PLCC: 0.5460596084594727 SROCC: 0.5298371315002441 Validation: Val_MAE: 0.1475294977426529, Val_PLCC: 0.5277817249298096 Val_SROCC: 0.49748221039772034 ]
Epoch 106 : [ MAE: 0.14417199790477753, PLCC: 0.5231376886367798 SROCC: 0.5086918473243713 Validation: Val_MAE: 0.1472267359495163, Val_PLCC: 0.5303823351860046 Val_SROCC: 0.4993172585964203 ]
Epoch 107 : [ MAE: 0.14396975934505463, PLCC: 0.5082491636276245 SROCC: 0.48747920989990234 Validation: Val_MAE: 0.14701983332633972, Val_PLCC: 0.532631516456604 Val_SROCC: 0.5019470453262329 ]
Epoch 108 : [ MAE: 0.14380384981632233, PLCC: 0.524827241897583 SROCC: 0.5118464231491089 Validation: Val_MAE: 0.14679469168186188, Val_PLCC: 0.5351137518882751 Val_SROCC: 0.5054582357406616 ]
Epoch 109 : [ MAE: 0.14364053308963776, PLCC: 0.5394539833068848 SROCC: 0.6055538058280945 Validation: Val_MAE: 0.14658616483211517, Val_PLCC: 0.5373902916908264 Val_SROCC: 0.5094606876373291 ]
Epoch 110 : [ MAE: 0.14349442720413208, PLCC: 0.521168053150177 SROCC: 0.5066612958908081 Validation: Val_MAE: 0.1463850885629654, Val_PLCC: 0.5395454168319702 Val_SROCC: 0.515182614326477 ]
Epoch 111 : [ MAE: 0.14331203699111938, PLCC: 0.5231096744537354 SROCC: 0.5054698586463928 Validation: Val_MAE: 0.14617523550987244, Val_PLCC: 0.5417804718017578 Val_SROCC: 0.5207311511039734 ]
Epoch 112 : [ MAE: 0.1431659460067749, PLCC: 0.5461293458938599 SROCC: 0.5466588735580444 Validation: Val_MAE: 0.14597490429878235, Val_PLCC: 0.5441797375679016 Val_SROCC: 0.525470495223999 ]
Epoch 113 : [ MAE: 0.14300911128520966, PLCC: 0.5524619817733765 SROCC: 0.5809392929077148 Validation: Val_MAE: 0.1457500010728836, Val_PLCC: 0.5464509129524231 Val_SROCC: 0.5272477865219116 ]
Epoch 114 : [ MAE: 0.14285744726657867, PLCC: 0.5604644417762756 SROCC: 0.5867089033126831 Validation: Val_MAE: 0.1455281674861908, Val_PLCC: 0.5484747886657715 Val_SROCC: 0.5295307636260986 ]
Epoch 115 : [ MAE: 0.142753005027771, PLCC: 0.5331968069076538 SROCC: 0.5024951696395874 Validation: Val_MAE: 0.14534761011600494, Val_PLCC: 0.5504329800605774 Val_SROCC: 0.5319004654884338 ]
Epoch 116 : [ MAE: 0.14255018532276154, PLCC: 0.5502680540084839 SROCC: 0.5550435185432434 Validation: Val_MAE: 0.14513856172561646, Val_PLCC: 0.5525687336921692 Val_SROCC: 0.5331575274467468 ]
Epoch 117 : [ MAE: 0.14244072139263153, PLCC: 0.5312658548355103 SROCC: 0.5031021237373352 Validation: Val_MAE: 0.1449352204799652, Val_PLCC: 0.5548667907714844 Val_SROCC: 0.5322905778884888 ]
Epoch 118 : [ MAE: 0.1422627866268158, PLCC: 0.557025671005249 SROCC: 0.6341920495033264 Validation: Val_MAE: 0.14468742907047272, Val_PLCC: 0.5573968887329102 Val_SROCC: 0.5359029173851013 ]
Epoch 119 : [ MAE: 0.14214842021465302, PLCC: 0.5374490022659302 SROCC: 0.5184702277183533 Validation: Val_MAE: 0.14443808794021606, Val_PLCC: 0.5599750876426697 Val_SROCC: 0.5376657247543335 ]
Epoch 120 : [ MAE: 0.14197689294815063, PLCC: 0.5253992080688477 SROCC: 0.47930434346199036 Validation: Val_MAE: 0.14416936039924622, Val_PLCC: 0.5627663731575012 Val_SROCC: 0.543373167514801 ]
Epoch 121 : [ MAE: 0.14181755483150482, PLCC: 0.5404070019721985 SROCC: 0.5096434950828552 Validation: Val_MAE: 0.14389614760875702, Val_PLCC: 0.5655339360237122 Val_SROCC: 0.544977068901062 ]
Epoch 122 : [ MAE: 0.1416958123445511, PLCC: 0.5623815059661865 SROCC: 0.5403048396110535 Validation: Val_MAE: 0.1436230093240738, Val_PLCC: 0.5683054327964783 Val_SROCC: 0.5463641881942749 ]
Epoch 123 : [ MAE: 0.14151808619499207, PLCC: 0.5286619663238525 SROCC: 0.4385649561882019 Validation: Val_MAE: 0.143368199467659, Val_PLCC: 0.5708959102630615 Val_SROCC: 0.5483726263046265 ]
Epoch 124 : [ MAE: 0.1413934975862503, PLCC: 0.5558667182922363 SROCC: 0.5235504508018494 Validation: Val_MAE: 0.14311769604682922, Val_PLCC: 0.5734032988548279 Val_SROCC: 0.5504822731018066 ]
Epoch 125 : [ MAE: 0.14138628542423248, PLCC: 0.5805235505104065 SROCC: 0.5817485451698303 Validation: Val_MAE: 0.1428678035736084, Val_PLCC: 0.5759027600288391 Val_SROCC: 0.5565654039382935 ]
Epoch 126 : [ MAE: 0.14121010899543762, PLCC: 0.533717930316925 SROCC: 0.47976890206336975 Validation: Val_MAE: 0.14259925484657288, Val_PLCC: 0.5783460140228271 Val_SROCC: 0.5564786791801453 ]
Epoch 127 : [ MAE: 0.14098718762397766, PLCC: 0.5751922726631165 SROCC: 0.5980308651924133 Validation: Val_MAE: 0.1423550546169281, Val_PLCC: 0.5806419849395752 Val_SROCC: 0.5584293603897095 ]
Epoch 128 : [ MAE: 0.14081831276416779, PLCC: 0.566612720489502 SROCC: 0.5496410727500916 Validation: Val_MAE: 0.14213022589683533, Val_PLCC: 0.582756519317627 Val_SROCC: 0.5594841837882996 ]
Epoch 129 : [ MAE: 0.14070042967796326, PLCC: 0.5573393106460571 SROCC: 0.5865740776062012 Validation: Val_MAE: 0.14190176129341125, Val_PLCC: 0.584882378578186 Val_SROCC: 0.5623451471328735 ]
Epoch 130 : [ MAE: 0.1405399888753891, PLCC: 0.5832761526107788 SROCC: 0.634207010269165 Validation: Val_MAE: 0.14170661568641663, Val_PLCC: 0.5866727232933044 Val_SROCC: 0.563717782497406 ]
Epoch 131 : [ MAE: 0.14042706787586212, PLCC: 0.5798053741455078 SROCC: 0.6107913851737976 Validation: Val_MAE: 0.14149852097034454, Val_PLCC: 0.5885422229766846 Val_SROCC: 0.5667810440063477 ]
Epoch 132 : [ MAE: 0.14030149579048157, PLCC: 0.5848408937454224 SROCC: 0.6287596225738525 Validation: Val_MAE: 0.14133833348751068, Val_PLCC: 0.5899868607521057 Val_SROCC: 0.5685294270515442 ]
Epoch 133 : [ MAE: 0.14016206562519073, PLCC: 0.5627109408378601 SROCC: 0.5681113004684448 Validation: Val_MAE: 0.1411997377872467, Val_PLCC: 0.5914280414581299 Val_SROCC: 0.5708413124084473 ]
Epoch 134 : [ MAE: 0.14004981517791748, PLCC: 0.6014771461486816 SROCC: 0.7036595940589905 Validation: Val_MAE: 0.14108915627002716, Val_PLCC: 0.5929425358772278 Val_SROCC: 0.5732543468475342 ]
Epoch 135 : [ MAE: 0.13989689946174622, PLCC: 0.5678502321243286 SROCC: 0.5740982294082642 Validation: Val_MAE: 0.14107337594032288, Val_PLCC: 0.5941877961158752 Val_SROCC: 0.5749015808105469 ]
Epoch 136 : [ MAE: 0.13981913030147552, PLCC: 0.573317289352417 SROCC: 0.5528405904769897 Validation: Val_MAE: 0.14103005826473236, Val_PLCC: 0.5954733490943909 Val_SROCC: 0.5775602459907532 ]
Epoch 137 : [ MAE: 0.13972268998622894, PLCC: 0.5805407166481018 SROCC: 0.5820707678794861 Validation: Val_MAE: 0.14084303379058838, Val_PLCC: 0.5965308547019958 Val_SROCC: 0.5797565579414368 ]
Epoch 138 : [ MAE: 0.1394829899072647, PLCC: 0.5918717384338379 SROCC: 0.6425017714500427 Validation: Val_MAE: 0.1405145674943924, Val_PLCC: 0.5975396633148193 Val_SROCC: 0.5783982872962952 ]
Epoch 139 : [ MAE: 0.13924579322338104, PLCC: 0.5825905799865723 SROCC: 0.6136162877082825 Validation: Val_MAE: 0.1403198391199112, Val_PLCC: 0.5985841155052185 Val_SROCC: 0.5777769684791565 ]
Epoch 140 : [ MAE: 0.1392013132572174, PLCC: 0.5725067853927612 SROCC: 0.5811566114425659 Validation: Val_MAE: 0.14018841087818146, Val_PLCC: 0.599671483039856 Val_SROCC: 0.5779936909675598 ]
Epoch 141 : [ MAE: 0.1393001824617386, PLCC: 0.5650111436843872 SROCC: 0.5263753533363342 Validation: Val_MAE: 0.1400393694639206, Val_PLCC: 0.6008409857749939 Val_SROCC: 0.5789762735366821 ]
Epoch 142 : [ MAE: 0.13920916616916656, PLCC: 0.5664800405502319 SROCC: 0.5596592426300049 Validation: Val_MAE: 0.1398725062608719, Val_PLCC: 0.6020243763923645 Val_SROCC: 0.5798432230949402 ]
Epoch 143 : [ MAE: 0.13882073760032654, PLCC: 0.5805165767669678 SROCC: 0.5874956846237183 Validation: Val_MAE: 0.1397952437400818, Val_PLCC: 0.6032615303993225 Val_SROCC: 0.5820250511169434 ]
Epoch 144 : [ MAE: 0.13870938122272491, PLCC: 0.5789525508880615 SROCC: 0.5588200092315674 Validation: Val_MAE: 0.1401129812002182, Val_PLCC: 0.6047555804252625 Val_SROCC: 0.5831665396690369 ]
Epoch 145 : [ MAE: 0.13858909904956818, PLCC: 0.5774486064910889 SROCC: 0.5742930173873901 Validation: Val_MAE: 0.14016540348529816, Val_PLCC: 0.6065698266029358 Val_SROCC: 0.5860708951950073 ]
Epoch 146 : [ MAE: 0.13861854374408722, PLCC: 0.5775837898254395 SROCC: 0.5899009704589844 Validation: Val_MAE: 0.1398494392633438, Val_PLCC: 0.6083218455314636 Val_SROCC: 0.5879203677177429 ]
Epoch 147 : [ MAE: 0.13837163150310516, PLCC: 0.5960696935653687 SROCC: 0.6190711855888367 Validation: Val_MAE: 0.13916346430778503, Val_PLCC: 0.6099452376365662 Val_SROCC: 0.5889896154403687 ]
Epoch 148 : [ MAE: 0.138144388794899, PLCC: 0.5877902507781982 SROCC: 0.6118928790092468 Validation: Val_MAE: 0.13879001140594482, Val_PLCC: 0.611550509929657 Val_SROCC: 0.589394211769104 ]
Epoch 149 : [ MAE: 0.13800249993801117, PLCC: 0.5920875072479248 SROCC: 0.5685833692550659 Validation: Val_MAE: 0.13855484127998352, Val_PLCC: 0.6131951212882996 Val_SROCC: 0.5919662117958069 ]
Epoch 150 : [ MAE: 0.13795296847820282, PLCC: 0.5931254029273987 SROCC: 0.6580047607421875 Validation: Val_MAE: 0.13835358619689941, Val_PLCC: 0.6148028373718262 Val_SROCC: 0.5957374572753906 ]
Epoch 151 : [ MAE: 0.13785411417484283, PLCC: 0.5780084729194641 SROCC: 0.5916543006896973 Validation: Val_MAE: 0.13825000822544098, Val_PLCC: 0.6163556575775146 Val_SROCC: 0.5966188907623291 ]
Epoch 152 : [ MAE: 0.13760896027088165, PLCC: 0.5797299146652222 SROCC: 0.5911897420883179 Validation: Val_MAE: 0.13819842040538788, Val_PLCC: 0.6178346276283264 Val_SROCC: 0.5991908311843872 ]
Epoch 153 : [ MAE: 0.13759037852287292, PLCC: 0.5768764019012451 SROCC: 0.5163272619247437 Validation: Val_MAE: 0.13818342983722687, Val_PLCC: 0.619009256362915 Val_SROCC: 0.6011992692947388 ]
Epoch 154 : [ MAE: 0.13737262785434723, PLCC: 0.5797326564788818 SROCC: 0.5296647548675537 Validation: Val_MAE: 0.1377582997083664, Val_PLCC: 0.6202309131622314 Val_SROCC: 0.6024997234344482 ]
Epoch 155 : [ MAE: 0.13729850947856903, PLCC: 0.5774202942848206 SROCC: 0.5571715235710144 Validation: Val_MAE: 0.13751636445522308, Val_PLCC: 0.6213109493255615 Val_SROCC: 0.6024708151817322 ]
Epoch 156 : [ MAE: 0.13727280497550964, PLCC: 0.6059136390686035 SROCC: 0.6337049603462219 Validation: Val_MAE: 0.1373637318611145, Val_PLCC: 0.6223169565200806 Val_SROCC: 0.6054185032844543 ]
Epoch 157 : [ MAE: 0.13729546964168549, PLCC: 0.6092557907104492 SROCC: 0.6143280863761902 Validation: Val_MAE: 0.13715220987796783, Val_PLCC: 0.6235427856445312 Val_SROCC: 0.6073691248893738 ]
Epoch 158 : [ MAE: 0.1372084766626358, PLCC: 0.5847909450531006 SROCC: 0.5905603170394897 Validation: Val_MAE: 0.13705678284168243, Val_PLCC: 0.6246715188026428 Val_SROCC: 0.6069067716598511 ]
Epoch 159 : [ MAE: 0.13687530159950256, PLCC: 0.5737789869308472 SROCC: 0.5360562801361084 Validation: Val_MAE: 0.1369045227766037, Val_PLCC: 0.6259793043136597 Val_SROCC: 0.6075280904769897 ]
Epoch 160 : [ MAE: 0.13672760128974915, PLCC: 0.5847182869911194 SROCC: 0.5388137102127075 Validation: Val_MAE: 0.1368698924779892, Val_PLCC: 0.6274856328964233 Val_SROCC: 0.6082360744476318 ]
Epoch 161 : [ MAE: 0.13660579919815063, PLCC: 0.5896522998809814 SROCC: 0.5478352904319763 Validation: Val_MAE: 0.13702262938022614, Val_PLCC: 0.6288377046585083 Val_SROCC: 0.6089874505996704 ]
Epoch 162 : [ MAE: 0.13658450543880463, PLCC: 0.6083858013153076 SROCC: 0.6179022789001465 Validation: Val_MAE: 0.13697870075702667, Val_PLCC: 0.6299192309379578 Val_SROCC: 0.6086406707763672 ]
Epoch 163 : [ MAE: 0.1365029513835907, PLCC: 0.5867443084716797 SROCC: 0.5889343619346619 Validation: Val_MAE: 0.13701118528842926, Val_PLCC: 0.6305418014526367 Val_SROCC: 0.6085106134414673 ]
Epoch 164 : [ MAE: 0.13644322752952576, PLCC: 0.5948208570480347 SROCC: 0.6269013285636902 Validation: Val_MAE: 0.13698527216911316, Val_PLCC: 0.6309406757354736 Val_SROCC: 0.6056930422782898 ]
Epoch 165 : [ MAE: 0.1363450139760971, PLCC: 0.5961977243423462 SROCC: 0.6489008069038391 Validation: Val_MAE: 0.13683517277240753, Val_PLCC: 0.6309770345687866 Val_SROCC: 0.6058664321899414 ]
Epoch 166 : [ MAE: 0.13625361025333405, PLCC: 0.6171999573707581 SROCC: 0.6218060851097107 Validation: Val_MAE: 0.13661116361618042, Val_PLCC: 0.6308674812316895 Val_SROCC: 0.6038868427276611 ]
Epoch 167 : [ MAE: 0.13603997230529785, PLCC: 0.5965110063552856 SROCC: 0.5513644814491272 Validation: Val_MAE: 0.13658104836940765, Val_PLCC: 0.630803108215332 Val_SROCC: 0.6042191982269287 ]
Epoch 168 : [ MAE: 0.1359284371137619, PLCC: 0.6024927496910095 SROCC: 0.621416449546814 Validation: Val_MAE: 0.13659293949604034, Val_PLCC: 0.6309652924537659 Val_SROCC: 0.6033955812454224 ]
Epoch 169 : [ MAE: 0.1358354389667511, PLCC: 0.5815470218658447 SROCC: 0.5925759673118591 Validation: Val_MAE: 0.13665004074573517, Val_PLCC: 0.6313652992248535 Val_SROCC: 0.6036556959152222 ]
Epoch 170 : [ MAE: 0.13579212129116058, PLCC: 0.6150277256965637 SROCC: 0.6532392501831055 Validation: Val_MAE: 0.13689324259757996, Val_PLCC: 0.6318626999855042 Val_SROCC: 0.6036845445632935 ]
Epoch 171 : [ MAE: 0.1356697380542755, PLCC: 0.6104423999786377 SROCC: 0.6511411666870117 Validation: Val_MAE: 0.13666386902332306, Val_PLCC: 0.6322172284126282 Val_SROCC: 0.6032510995864868 ]
Epoch 172 : [ MAE: 0.13554713129997253, PLCC: 0.5765881538391113 SROCC: 0.5130003690719604 Validation: Val_MAE: 0.13641329109668732, Val_PLCC: 0.6328056454658508 Val_SROCC: 0.6046093106269836 ]
Epoch 173 : [ MAE: 0.13542790710926056, PLCC: 0.5893040895462036 SROCC: 0.49923571944236755 Validation: Val_MAE: 0.13608455657958984, Val_PLCC: 0.6335902214050293 Val_SROCC: 0.6059964895248413 ]
Epoch 174 : [ MAE: 0.13540925085544586, PLCC: 0.5719693899154663 SROCC: 0.5206881761550903 Validation: Val_MAE: 0.13583022356033325, Val_PLCC: 0.6346567273139954 Val_SROCC: 0.6081638336181641 ]
Epoch 175 : [ MAE: 0.13524852693080902, PLCC: 0.5909978151321411 SROCC: 0.6148001551628113 Validation: Val_MAE: 0.1358371078968048, Val_PLCC: 0.6359047889709473 Val_SROCC: 0.6098688840866089 ]
Epoch 176 : [ MAE: 0.13513585925102234, PLCC: 0.5883147120475769 SROCC: 0.5448530912399292 Validation: Val_MAE: 0.13593274354934692, Val_PLCC: 0.637108564376831 Val_SROCC: 0.6113138198852539 ]
Epoch 177 : [ MAE: 0.13506214320659637, PLCC: 0.5770382881164551 SROCC: 0.5159900784492493 Validation: Val_MAE: 0.1359122097492218, Val_PLCC: 0.6383600234985352 Val_SROCC: 0.6113860607147217 ]
Epoch 178 : [ MAE: 0.13503651320934296, PLCC: 0.6095781326293945 SROCC: 0.6271935701370239 Validation: Val_MAE: 0.13584093749523163, Val_PLCC: 0.6396107077598572 Val_SROCC: 0.6120073795318604 ]
Epoch 179 : [ MAE: 0.13498620688915253, PLCC: 0.616114616394043 SROCC: 0.6733579039573669 Validation: Val_MAE: 0.1355791687965393, Val_PLCC: 0.6406723260879517 Val_SROCC: 0.6132789254188538 ]
Epoch 180 : [ MAE: 0.13480144739151, PLCC: 0.6250117421150208 SROCC: 0.671829342842102 Validation: Val_MAE: 0.13481561839580536, Val_PLCC: 0.6417397260665894 Val_SROCC: 0.6135678887367249 ]
Epoch 181 : [ MAE: 0.13475076854228973, PLCC: 0.6091376543045044 SROCC: 0.6202925443649292 Validation: Val_MAE: 0.13424599170684814, Val_PLCC: 0.6427727937698364 Val_SROCC: 0.6150417327880859 ]
Epoch 182 : [ MAE: 0.13471747934818268, PLCC: 0.6154351234436035 SROCC: 0.5838466286659241 Validation: Val_MAE: 0.13400490581989288, Val_PLCC: 0.6437637805938721 Val_SROCC: 0.6179604530334473 ]
Epoch 183 : [ MAE: 0.1346856653690338, PLCC: 0.6060327291488647 SROCC: 0.5683735609054565 Validation: Val_MAE: 0.13381412625312805, Val_PLCC: 0.6451840400695801 Val_SROCC: 0.6191020011901855 ]
Epoch 184 : [ MAE: 0.13449211418628693, PLCC: 0.6000913381576538 SROCC: 0.577979564666748 Validation: Val_MAE: 0.13380999863147736, Val_PLCC: 0.6468255519866943 Val_SROCC: 0.6205613613128662 ]
Epoch 185 : [ MAE: 0.13433484733104706, PLCC: 0.603909969329834 SROCC: 0.5836442708969116 Validation: Val_MAE: 0.13411162793636322, Val_PLCC: 0.6485035419464111 Val_SROCC: 0.620474636554718 ]
Epoch 186 : [ MAE: 0.13437813520431519, PLCC: 0.6131894588470459 SROCC: 0.6096374988555908 Validation: Val_MAE: 0.13412663340568542, Val_PLCC: 0.6499042510986328 Val_SROCC: 0.6234223246574402 ]
Epoch 187 : [ MAE: 0.13443993031978607, PLCC: 0.604964017868042 SROCC: 0.5835543870925903 Validation: Val_MAE: 0.13366718590259552, Val_PLCC: 0.6510812640190125 Val_SROCC: 0.6253151893615723 ]
Epoch 188 : [ MAE: 0.13418486714363098, PLCC: 0.6053931713104248 SROCC: 0.568515956401825 Validation: Val_MAE: 0.13275964558124542, Val_PLCC: 0.6521121859550476 Val_SROCC: 0.6241447925567627 ]
Epoch 189 : [ MAE: 0.13403713703155518, PLCC: 0.5879919528961182 SROCC: 0.5434818267822266 Validation: Val_MAE: 0.1325022578239441, Val_PLCC: 0.6530364751815796 Val_SROCC: 0.6253296136856079 ]
Epoch 190 : [ MAE: 0.13433820009231567, PLCC: 0.6050083637237549 SROCC: 0.6011479496955872 Validation: Val_MAE: 0.13243205845355988, Val_PLCC: 0.653922438621521 Val_SROCC: 0.6261243224143982 ]
Epoch 191 : [ MAE: 0.13436995446681976, PLCC: 0.5931128263473511 SROCC: 0.5699021220207214 Validation: Val_MAE: 0.13213703036308289, Val_PLCC: 0.6547054648399353 Val_SROCC: 0.6279305219650269 ]
Epoch 192 : [ MAE: 0.13387243449687958, PLCC: 0.628917932510376 SROCC: 0.6410706043243408 Validation: Val_MAE: 0.1321130245923996, Val_PLCC: 0.6555925607681274 Val_SROCC: 0.6272369027137756 ]
Epoch 193 : [ MAE: 0.133781298995018, PLCC: 0.6012535095214844 SROCC: 0.5707413554191589 Validation: Val_MAE: 0.13263612985610962, Val_PLCC: 0.6560219526290894 Val_SROCC: 0.6272369027137756 ]
Epoch 194 : [ MAE: 0.13386869430541992, PLCC: 0.6180942058563232 SROCC: 0.6084161400794983 Validation: Val_MAE: 0.13257265090942383, Val_PLCC: 0.6561581492424011 Val_SROCC: 0.6282050609588623 ]
Epoch 195 : [ MAE: 0.13374245166778564, PLCC: 0.6008403301239014 SROCC: 0.583374559879303 Validation: Val_MAE: 0.13200107216835022, Val_PLCC: 0.6564185619354248 Val_SROCC: 0.6287107467651367 ]
Epoch 196 : [ MAE: 0.13343480229377747, PLCC: 0.5861771106719971 SROCC: 0.5625365376472473 Validation: Val_MAE: 0.13172928988933563, Val_PLCC: 0.6568278670310974 Val_SROCC: 0.6293898820877075 ]
Epoch 197 : [ MAE: 0.13387629389762878, PLCC: 0.6278127431869507 SROCC: 0.6683975458145142 Validation: Val_MAE: 0.131743386387825, Val_PLCC: 0.6571349501609802 Val_SROCC: 0.6325687170028687 ]
Epoch 198 : [ MAE: 0.13360552489757538, PLCC: 0.6176333427429199 SROCC: 0.5535224676132202 Validation: Val_MAE: 0.1317056119441986, Val_PLCC: 0.6573449969291687 Val_SROCC: 0.6336957812309265 ]
Epoch 199 : [ MAE: 0.13324880599975586, PLCC: 0.6296101808547974 SROCC: 0.6498599052429199 Validation: Val_MAE: 0.13181760907173157, Val_PLCC: 0.6578347086906433 Val_SROCC: 0.6341437101364136 ]
Epoch 200 : [ MAE: 0.13332599401474, PLCC: 0.6269665956497192 SROCC: 0.6330755949020386 Validation: Val_MAE: 0.13184276223182678, Val_PLCC: 0.6584718227386475 Val_SROCC: 0.6334501504898071 ]
Epoch 201 : [ MAE: 0.1332945078611374, PLCC: 0.6259398460388184 SROCC: 0.6020620465278625 Validation: Val_MAE: 0.13147127628326416, Val_PLCC: 0.6591916680335999 Val_SROCC: 0.6341437101364136 ]
Epoch 202 : [ MAE: 0.13306716084480286, PLCC: 0.6364392042160034 SROCC: 0.6827016472816467 Validation: Val_MAE: 0.13125404715538025, Val_PLCC: 0.659940242767334 Val_SROCC: 0.6340714693069458 ]
Epoch 203 : [ MAE: 0.13296332955360413, PLCC: 0.6412764191627502 SROCC: 0.6935065984725952 Validation: Val_MAE: 0.1310575008392334, Val_PLCC: 0.6607837677001953 Val_SROCC: 0.6364989280700684 ]
Epoch 204 : [ MAE: 0.13290393352508545, PLCC: 0.5972496271133423 SROCC: 0.5524134635925293 Validation: Val_MAE: 0.13088053464889526, Val_PLCC: 0.6616847515106201 Val_SROCC: 0.6345193982124329 ]
Epoch 205 : [ MAE: 0.1328449249267578, PLCC: 0.6464418768882751 SROCC: 0.7202640771865845 Validation: Val_MAE: 0.13068902492523193, Val_PLCC: 0.6627008318901062 Val_SROCC: 0.6326409578323364 ]
Epoch 206 : [ MAE: 0.13277274370193481, PLCC: 0.6214094161987305 SROCC: 0.5647919178009033 Validation: Val_MAE: 0.13049137592315674, Val_PLCC: 0.6637030839920044 Val_SROCC: 0.6321641206741333 ]
Epoch 207 : [ MAE: 0.13272777199745178, PLCC: 0.5932563543319702 SROCC: 0.5451303124427795 Validation: Val_MAE: 0.1303301304578781, Val_PLCC: 0.6645408272743225 Val_SROCC: 0.6324531435966492 ]
Epoch 208 : [ MAE: 0.13273321092128754, PLCC: 0.6119625568389893 SROCC: 0.579343318939209 Validation: Val_MAE: 0.1302221119403839, Val_PLCC: 0.6652795672416687 Val_SROCC: 0.6336235404014587 ]
Epoch 209 : [ MAE: 0.1325940638780594, PLCC: 0.6250989437103271 SROCC: 0.6426516175270081 Validation: Val_MAE: 0.1300673931837082, Val_PLCC: 0.665985107421875 Val_SROCC: 0.6349095106124878 ]
Epoch 210 : [ MAE: 0.13258525729179382, PLCC: 0.6245405673980713 SROCC: 0.6625605225563049 Validation: Val_MAE: 0.13002923130989075, Val_PLCC: 0.6665612459182739 Val_SROCC: 0.6356175541877747 ]
Epoch 211 : [ MAE: 0.13256247341632843, PLCC: 0.6163280010223389 SROCC: 0.6005634665489197 Validation: Val_MAE: 0.12987226247787476, Val_PLCC: 0.666959285736084 Val_SROCC: 0.6371924877166748 ]
Epoch 212 : [ MAE: 0.13239315152168274, PLCC: 0.6234980821609497 SROCC: 0.6808733940124512 Validation: Val_MAE: 0.13022981584072113, Val_PLCC: 0.6673026084899902 Val_SROCC: 0.6375248432159424 ]
Epoch 213 : [ MAE: 0.13256864249706268, PLCC: 0.6306402683258057 SROCC: 0.6629126667976379 Validation: Val_MAE: 0.13030673563480377, Val_PLCC: 0.6676419973373413 Val_SROCC: 0.6374670267105103 ]
Epoch 214 : [ MAE: 0.13258051872253418, PLCC: 0.6194795966148376 SROCC: 0.5994845032691956 Validation: Val_MAE: 0.12993879616260529, Val_PLCC: 0.6680840849876404 Val_SROCC: 0.6390564441680908 ]
Epoch 215 : [ MAE: 0.1323007345199585, PLCC: 0.6086134314537048 SROCC: 0.5771778225898743 Validation: Val_MAE: 0.1296118199825287, Val_PLCC: 0.6683691143989563 Val_SROCC: 0.6401546001434326 ]
Epoch 216 : [ MAE: 0.1322181224822998, PLCC: 0.6130062937736511 SROCC: 0.5287656188011169 Validation: Val_MAE: 0.12976936995983124, Val_PLCC: 0.6682754755020142 Val_SROCC: 0.6398078203201294 ]
Epoch 217 : [ MAE: 0.13255338370800018, PLCC: 0.6441953182220459 SROCC: 0.721200704574585 Validation: Val_MAE: 0.12977401912212372, Val_PLCC: 0.6681469678878784 Val_SROCC: 0.6407325863838196 ]
Epoch 218 : [ MAE: 0.13234664499759674, PLCC: 0.6083722114562988 SROCC: 0.5797404646873474 Validation: Val_MAE: 0.1296664923429489, Val_PLCC: 0.6681575179100037 Val_SROCC: 0.641007125377655 ]
Epoch 219 : [ MAE: 0.13195104897022247, PLCC: 0.6251776218414307 SROCC: 0.6056886911392212 Validation: Val_MAE: 0.13010382652282715, Val_PLCC: 0.6682835817337036 Val_SROCC: 0.6403713226318359 ]
Epoch 220 : [ MAE: 0.13224998116493225, PLCC: 0.6240489482879639 SROCC: 0.6829639077186584 Validation: Val_MAE: 0.13059958815574646, Val_PLCC: 0.6684245467185974 Val_SROCC: 0.6407036781311035 ]
Epoch 221 : [ MAE: 0.13244959712028503, PLCC: 0.6275625228881836 SROCC: 0.5966071486473083 Validation: Val_MAE: 0.13024722039699554, Val_PLCC: 0.6686073541641235 Val_SROCC: 0.6396055221557617 ]
Epoch 222 : [ MAE: 0.1320333331823349, PLCC: 0.6437214016914368 SROCC: 0.7051806449890137 Validation: Val_MAE: 0.1297687590122223, Val_PLCC: 0.668601930141449 Val_SROCC: 0.6421341896057129 ]
Epoch 223 : [ MAE: 0.13178026676177979, PLCC: 0.6122958064079285 SROCC: 0.5711385011672974 Validation: Val_MAE: 0.12964126467704773, Val_PLCC: 0.6685747504234314 Val_SROCC: 0.644287109375 ]
Epoch 224 : [ MAE: 0.13196630775928497, PLCC: 0.6143558621406555 SROCC: 0.5593519806861877 Validation: Val_MAE: 0.12973366677761078, Val_PLCC: 0.6685541272163391 Val_SROCC: 0.6472925543785095 ]
Epoch 225 : [ MAE: 0.13199648261070251, PLCC: 0.6078724265098572 SROCC: 0.5746152400970459 Validation: Val_MAE: 0.12957949936389923, Val_PLCC: 0.6687331199645996 Val_SROCC: 0.6472925543785095 ]
Epoch 226 : [ MAE: 0.13164448738098145, PLCC: 0.6159365177154541 SROCC: 0.6319965720176697 Validation: Val_MAE: 0.13002124428749084, Val_PLCC: 0.6688178777694702 Val_SROCC: 0.6473214626312256 ]
Epoch 227 : [ MAE: 0.13212472200393677, PLCC: 0.6029602289199829 SROCC: 0.5542117953300476 Validation: Val_MAE: 0.1306401938199997, Val_PLCC: 0.6688588857650757 Val_SROCC: 0.6460354924201965 ]
Epoch 228 : [ MAE: 0.1320878267288208, PLCC: 0.6146273016929626 SROCC: 0.6042125821113586 Validation: Val_MAE: 0.13010863959789276, Val_PLCC: 0.6690155863761902 Val_SROCC: 0.6470035910606384 ]
Epoch 229 : [ MAE: 0.13156524300575256, PLCC: 0.6155247092247009 SROCC: 0.6375488638877869 Validation: Val_MAE: 0.12953829765319824, Val_PLCC: 0.668992817401886 Val_SROCC: 0.6473792791366577 ]
Epoch 230 : [ MAE: 0.13154567778110504, PLCC: 0.6268569231033325 SROCC: 0.5866115093231201 Validation: Val_MAE: 0.12977203726768494, Val_PLCC: 0.6690854430198669 Val_SROCC: 0.6472781300544739 ]
Epoch 231 : [ MAE: 0.1320767104625702, PLCC: 0.6405459642410278 SROCC: 0.6751787066459656 Validation: Val_MAE: 0.129633828997612, Val_PLCC: 0.6694080233573914 Val_SROCC: 0.6483184695243835 ]
Epoch 232 : [ MAE: 0.13174162805080414, PLCC: 0.610342264175415 SROCC: 0.5888893604278564 Validation: Val_MAE: 0.1296575665473938, Val_PLCC: 0.6696449518203735 Val_SROCC: 0.6480872631072998 ]
Epoch 233 : [ MAE: 0.13143230974674225, PLCC: 0.6343729496002197 SROCC: 0.6285273432731628 Validation: Val_MAE: 0.13006605207920074, Val_PLCC: 0.6699008941650391 Val_SROCC: 0.6483328938484192 ]
Epoch 234 : [ MAE: 0.13158629834651947, PLCC: 0.6208109855651855 SROCC: 0.577822208404541 Validation: Val_MAE: 0.12971986830234528, Val_PLCC: 0.6701666712760925 Val_SROCC: 0.6482028961181641 ]
Epoch 235 : [ MAE: 0.13142943382263184, PLCC: 0.6251864433288574 SROCC: 0.6743919253349304 Validation: Val_MAE: 0.12922261655330658, Val_PLCC: 0.6704109311103821 Val_SROCC: 0.6485207676887512 ]
Epoch 236 : [ MAE: 0.13124731183052063, PLCC: 0.6150873303413391 SROCC: 0.579118549823761 Validation: Val_MAE: 0.12916547060012817, Val_PLCC: 0.6706394553184509 Val_SROCC: 0.6515840291976929 ]
Epoch 237 : [ MAE: 0.1312987357378006, PLCC: 0.6173321008682251 SROCC: 0.6145903468132019 Validation: Val_MAE: 0.12910999357700348, Val_PLCC: 0.670819878578186 Val_SROCC: 0.6507604122161865 ]
Epoch 238 : [ MAE: 0.13107502460479736, PLCC: 0.6270460486412048 SROCC: 0.6391823887825012 Validation: Val_MAE: 0.1292601078748703, Val_PLCC: 0.6709824204444885 Val_SROCC: 0.6496766805648804 ]
Epoch 239 : [ MAE: 0.13118775188922882, PLCC: 0.6259050965309143 SROCC: 0.6055238246917725 Validation: Val_MAE: 0.12941019237041473, Val_PLCC: 0.6712730526924133 Val_SROCC: 0.6492576599121094 ]
Epoch 240 : [ MAE: 0.13117152452468872, PLCC: 0.611168622970581 SROCC: 0.5618471503257751 Validation: Val_MAE: 0.1289655864238739, Val_PLCC: 0.6715348362922668 Val_SROCC: 0.6499078869819641 ]
Epoch 241 : [ MAE: 0.13105221092700958, PLCC: 0.6089531183242798 SROCC: 0.6143805384635925 Validation: Val_MAE: 0.1288461536169052, Val_PLCC: 0.6715689301490784 Val_SROCC: 0.6511794328689575 ]
Epoch 242 : [ MAE: 0.13103030622005463, PLCC: 0.6111562252044678 SROCC: 0.6069175601005554 Validation: Val_MAE: 0.12883512675762177, Val_PLCC: 0.6715921759605408 Val_SROCC: 0.6509771347045898 ]
Epoch 243 : [ MAE: 0.13093388080596924, PLCC: 0.6163361668586731 SROCC: 0.5623342394828796 Validation: Val_MAE: 0.1288725584745407, Val_PLCC: 0.6716424822807312 Val_SROCC: 0.6512083411216736 ]
Epoch 244 : [ MAE: 0.13083012402057648, PLCC: 0.6411097645759583 SROCC: 0.6541758179664612 Validation: Val_MAE: 0.12880200147628784, Val_PLCC: 0.6718100309371948 Val_SROCC: 0.6522486805915833 ]
Epoch 245 : [ MAE: 0.13078810274600983, PLCC: 0.6287411451339722 SROCC: 0.6427640318870544 Validation: Val_MAE: 0.12872366607189178, Val_PLCC: 0.6718865036964417 Val_SROCC: 0.6552107930183411 ]
Epoch 246 : [ MAE: 0.13074296712875366, PLCC: 0.6236119270324707 SROCC: 0.589915931224823 Validation: Val_MAE: 0.12859439849853516, Val_PLCC: 0.6721271872520447 Val_SROCC: 0.6551240682601929 ]
Epoch 247 : [ MAE: 0.13083317875862122, PLCC: 0.6333759427070618 SROCC: 0.5963224172592163 Validation: Val_MAE: 0.12857133150100708, Val_PLCC: 0.6723190546035767 Val_SROCC: 0.656207799911499 ]
Epoch 248 : [ MAE: 0.13093145191669464, PLCC: 0.6384239196777344 SROCC: 0.6286921501159668 Validation: Val_MAE: 0.12868663668632507, Val_PLCC: 0.672448992729187 Val_SROCC: 0.6567134857177734 ]
Epoch 249 : [ MAE: 0.13115496933460236, PLCC: 0.6231260299682617 SROCC: 0.5952734351158142 Validation: Val_MAE: 0.1284608095884323, Val_PLCC: 0.6725386381149292 Val_SROCC: 0.6576382517814636 ]
Epoch 250 : [ MAE: 0.13068796694278717, PLCC: 0.6145308017730713 SROCC: 0.5716404914855957 Validation: Val_MAE: 0.1284455507993698, Val_PLCC: 0.6725967526435852 Val_SROCC: 0.6588953733444214 ]
Epoch 251 : [ MAE: 0.13069751858711243, PLCC: 0.6303832530975342 SROCC: 0.678115963935852 Validation: Val_MAE: 0.12860117852687836, Val_PLCC: 0.6727209091186523 Val_SROCC: 0.6582884788513184 ]
Epoch 252 : [ MAE: 0.13066807389259338, PLCC: 0.6372483968734741 SROCC: 0.6397143602371216 Validation: Val_MAE: 0.12839575111865997, Val_PLCC: 0.6728302240371704 Val_SROCC: 0.6590542793273926 ]
Epoch 253 : [ MAE: 0.13057294487953186, PLCC: 0.6112474203109741 SROCC: 0.6184492707252502 Validation: Val_MAE: 0.1283152550458908, Val_PLCC: 0.6727192401885986 Val_SROCC: 0.6596611738204956 ]
Epoch 254 : [ MAE: 0.1304350644350052, PLCC: 0.6249345541000366 SROCC: 0.6370244026184082 Validation: Val_MAE: 0.12837927043437958, Val_PLCC: 0.6723678708076477 Val_SROCC: 0.6581729054450989 ]
Epoch 255 : [ MAE: 0.1305035948753357, PLCC: 0.6440294981002808 SROCC: 0.6647334694862366 Validation: Val_MAE: 0.12847170233726501, Val_PLCC: 0.6719662547111511 Val_SROCC: 0.6610338687896729 ]
Epoch 256 : [ MAE: 0.1303420513868332, PLCC: 0.6375706195831299 SROCC: 0.6446822285652161 Validation: Val_MAE: 0.12856051325798035, Val_PLCC: 0.6715212464332581 Val_SROCC: 0.6615251302719116 ]
Epoch 257 : [ MAE: 0.13028086721897125, PLCC: 0.6301014423370361 SROCC: 0.6206821799278259 Validation: Val_MAE: 0.12869144976139069, Val_PLCC: 0.6711607575416565 Val_SROCC: 0.6610482931137085 ]
Epoch 258 : [ MAE: 0.13025197386741638, PLCC: 0.6280474662780762 SROCC: 0.6126272082328796 Validation: Val_MAE: 0.1289573758840561, Val_PLCC: 0.6707571148872375 Val_SROCC: 0.6597334146499634 ]
Epoch 259 : [ MAE: 0.1303897649049759, PLCC: 0.6355048418045044 SROCC: 0.6380958557128906 Validation: Val_MAE: 0.12919840216636658, Val_PLCC: 0.6700366735458374 Val_SROCC: 0.6581584215164185 ]
Epoch 260 : [ MAE: 0.13023604452610016, PLCC: 0.662990152835846 SROCC: 0.7647199630737305 Validation: Val_MAE: 0.12891164422035217, Val_PLCC: 0.6695464849472046 Val_SROCC: 0.6576093435287476 ]
Epoch 261 : [ MAE: 0.13054585456848145, PLCC: 0.6356325149536133 SROCC: 0.678026020526886 Validation: Val_MAE: 0.1290152370929718, Val_PLCC: 0.6692038774490356 Val_SROCC: 0.659299910068512 ]
Epoch 262 : [ MAE: 0.13029298186302185, PLCC: 0.6146523356437683 SROCC: 0.632146418094635 Validation: Val_MAE: 0.12914443016052246, Val_PLCC: 0.668781578540802 Val_SROCC: 0.6593721508979797 ]
Epoch 263 : [ MAE: 0.13009557127952576, PLCC: 0.618332028388977 SROCC: 0.5638477802276611 Validation: Val_MAE: 0.12967340648174286, Val_PLCC: 0.6685997843742371 Val_SROCC: 0.6594732999801636 ]
Epoch 264 : [ MAE: 0.13036835193634033, PLCC: 0.620242714881897 SROCC: 0.611188530921936 Validation: Val_MAE: 0.12951333820819855, Val_PLCC: 0.6685073375701904 Val_SROCC: 0.6575949192047119 ]
Epoch 265 : [ MAE: 0.1300009936094284, PLCC: 0.6227166652679443 SROCC: 0.5938047766685486 Validation: Val_MAE: 0.12913787364959717, Val_PLCC: 0.6683462262153625 Val_SROCC: 0.6577972173690796 ]
Epoch 266 : [ MAE: 0.13008694350719452, PLCC: 0.6250481605529785 SROCC: 0.5876080989837646 Validation: Val_MAE: 0.12950021028518677, Val_PLCC: 0.6686117649078369 Val_SROCC: 0.658042848110199 ]
Epoch 267 : [ MAE: 0.13088107109069824, PLCC: 0.6464437246322632 SROCC: 0.6619086265563965 Validation: Val_MAE: 0.1293794959783554, Val_PLCC: 0.6691325306892395 Val_SROCC: 0.6599212288856506 ]
Epoch 268 : [ MAE: 0.1306295245885849, PLCC: 0.6164425015449524 SROCC: 0.5748475193977356 Validation: Val_MAE: 0.12878988683223724, Val_PLCC: 0.6695728302001953 Val_SROCC: 0.6589531302452087 ]
Epoch 269 : [ MAE: 0.1300053894519806, PLCC: 0.657136857509613 SROCC: 0.7272250652313232 Validation: Val_MAE: 0.12918047606945038, Val_PLCC: 0.6699712872505188 Val_SROCC: 0.6617851853370667 ]
Epoch 270 : [ MAE: 0.13011805713176727, PLCC: 0.624815821647644 SROCC: 0.5956255793571472 Validation: Val_MAE: 0.12885573506355286, Val_PLCC: 0.670221745967865 Val_SROCC: 0.6617851853370667 ]
Epoch 271 : [ MAE: 0.12974223494529724, PLCC: 0.6307399868965149 SROCC: 0.6431161761283875 Validation: Val_MAE: 0.12852545082569122, Val_PLCC: 0.67035311460495 Val_SROCC: 0.6632446050643921 ]
Epoch 272 : [ MAE: 0.1299053579568863, PLCC: 0.6128381490707397 SROCC: 0.5299869775772095 Validation: Val_MAE: 0.12865868210792542, Val_PLCC: 0.6705891489982605 Val_SROCC: 0.6657298803329468 ]
Epoch 273 : [ MAE: 0.13012981414794922, PLCC: 0.651219367980957 SROCC: 0.669798731803894 Validation: Val_MAE: 0.12837478518486023, Val_PLCC: 0.6708852648735046 Val_SROCC: 0.6630423069000244 ]
Epoch 274 : [ MAE: 0.12983912229537964, PLCC: 0.6158691644668579 SROCC: 0.608835756778717 Validation: Val_MAE: 0.12823554873466492, Val_PLCC: 0.6711481213569641 Val_SROCC: 0.6640682220458984 ]
Epoch 275 : [ MAE: 0.12962648272514343, PLCC: 0.6191030144691467 SROCC: 0.5558752417564392 Validation: Val_MAE: 0.12866823375225067, Val_PLCC: 0.6709909439086914 Val_SROCC: 0.6635913848876953 ]
Epoch 276 : [ MAE: 0.12988418340682983, PLCC: 0.6276811361312866 SROCC: 0.5697148442268372 Validation: Val_MAE: 0.12864786386489868, Val_PLCC: 0.67060786485672 Val_SROCC: 0.664472758769989 ]
Epoch 277 : [ MAE: 0.1297241747379303, PLCC: 0.6349964737892151 SROCC: 0.6804162859916687 Validation: Val_MAE: 0.128391832113266, Val_PLCC: 0.6700306534767151 Val_SROCC: 0.6640826463699341 ]
Epoch 278 : [ MAE: 0.1294790804386139, PLCC: 0.6403695344924927 SROCC: 0.6330755949020386 Validation: Val_MAE: 0.12854284048080444, Val_PLCC: 0.6693435907363892 Val_SROCC: 0.6643427610397339 ]
Epoch 279 : [ MAE: 0.12957896292209625, PLCC: 0.6127842664718628 SROCC: 0.6004436016082764 Validation: Val_MAE: 0.12861907482147217, Val_PLCC: 0.6687952280044556 Val_SROCC: 0.6631434559822083 ]
Epoch 280 : [ MAE: 0.12946105003356934, PLCC: 0.6274071931838989 SROCC: 0.6268938779830933 Validation: Val_MAE: 0.12888139486312866, Val_PLCC: 0.6683300137519836 Val_SROCC: 0.6626810431480408 ]
Epoch 281 : [ MAE: 0.1294477880001068, PLCC: 0.6144133806228638 SROCC: 0.5569842457771301 Validation: Val_MAE: 0.12909656763076782, Val_PLCC: 0.6678723692893982 Val_SROCC: 0.6614095568656921 ]
Epoch 282 : [ MAE: 0.12956130504608154, PLCC: 0.6231800317764282 SROCC: 0.5919016003608704 Validation: Val_MAE: 0.12892161309719086, Val_PLCC: 0.6678040027618408 Val_SROCC: 0.6608749032020569 ]
Epoch 283 : [ MAE: 0.12930479645729065, PLCC: 0.6002956628799438 SROCC: 0.5801675319671631 Validation: Val_MAE: 0.12894095480442047, Val_PLCC: 0.6676464676856995 Val_SROCC: 0.6615251302719116 ]
Epoch 284 : [ MAE: 0.12931352853775024, PLCC: 0.6195930242538452 SROCC: 0.6381708383560181 Validation: Val_MAE: 0.12886963784694672, Val_PLCC: 0.6674283742904663 Val_SROCC: 0.6612505912780762 ]
Epoch 285 : [ MAE: 0.1292412132024765, PLCC: 0.6384556293487549 SROCC: 0.6386203765869141 Validation: Val_MAE: 0.1290254443883896, Val_PLCC: 0.6670306324958801 Val_SROCC: 0.6612505912780762 ]
Epoch 286 : [ MAE: 0.129208505153656, PLCC: 0.657784104347229 SROCC: 0.6966686248779297 Validation: Val_MAE: 0.12908722460269928, Val_PLCC: 0.6668290495872498 Val_SROCC: 0.6608315706253052 ]
Epoch 287 : [ MAE: 0.12919938564300537, PLCC: 0.625446081161499 SROCC: 0.6153246760368347 Validation: Val_MAE: 0.12889879941940308, Val_PLCC: 0.6667938828468323 Val_SROCC: 0.6604269742965698 ]
Epoch 288 : [ MAE: 0.12938235700130463, PLCC: 0.6166017651557922 SROCC: 0.5829699039459229 Validation: Val_MAE: 0.1290082186460495, Val_PLCC: 0.6668316125869751 Val_SROCC: 0.6618719100952148 ]
Epoch 289 : [ MAE: 0.1295572817325592, PLCC: 0.6376651525497437 SROCC: 0.6631824374198914 Validation: Val_MAE: 0.1287740170955658, Val_PLCC: 0.6670761108398438 Val_SROCC: 0.6633023619651794 ]
Epoch 290 : [ MAE: 0.1291964203119278, PLCC: 0.6455562114715576 SROCC: 0.612709641456604 Validation: Val_MAE: 0.12857826054096222, Val_PLCC: 0.6675843000411987 Val_SROCC: 0.6654842495918274 ]
Epoch 291 : [ MAE: 0.1291017234325409, PLCC: 0.6368142366409302 SROCC: 0.6249457001686096 Validation: Val_MAE: 0.12871187925338745, Val_PLCC: 0.6679039597511292 Val_SROCC: 0.6668569445610046 ]
Epoch 292 : [ MAE: 0.12910550832748413, PLCC: 0.638542652130127 SROCC: 0.6393547058105469 Validation: Val_MAE: 0.1286165714263916, Val_PLCC: 0.6680091023445129 Val_SROCC: 0.667492687702179 ]
Epoch 293 : [ MAE: 0.1291172206401825, PLCC: 0.6335214376449585 SROCC: 0.65062415599823 Validation: Val_MAE: 0.1283518671989441, Val_PLCC: 0.6681068539619446 Val_SROCC: 0.6707582473754883 ]
Epoch 294 : [ MAE: 0.1289573609828949, PLCC: 0.636886715888977 SROCC: 0.688501238822937 Validation: Val_MAE: 0.1283472180366516, Val_PLCC: 0.6680709719657898 Val_SROCC: 0.6700791120529175 ]
Epoch 295 : [ MAE: 0.12893380224704742, PLCC: 0.641392707824707 SROCC: 0.6108513474464417 Validation: Val_MAE: 0.12842272222042084, Val_PLCC: 0.6680126190185547 Val_SROCC: 0.6697178483009338 ]
Epoch 296 : [ MAE: 0.12902893126010895, PLCC: 0.6351300477981567 SROCC: 0.6254027485847473 Validation: Val_MAE: 0.1283322423696518, Val_PLCC: 0.668097734451294 Val_SROCC: 0.6698189973831177 ]
Epoch 297 : [ MAE: 0.1289309859275818, PLCC: 0.6267144680023193 SROCC: 0.5896536707878113 Validation: Val_MAE: 0.1283200979232788, Val_PLCC: 0.6682895421981812 Val_SROCC: 0.6702091693878174 ]
Epoch 298 : [ MAE: 0.12896616756916046, PLCC: 0.6229196190834045 SROCC: 0.6574428081512451 Validation: Val_MAE: 0.12832747399806976, Val_PLCC: 0.6682785153388977 Val_SROCC: 0.6705559492111206 ]
Epoch 299 : [ MAE: 0.12891970574855804, PLCC: 0.6249767541885376 SROCC: 0.5976337194442749 Validation: Val_MAE: 0.12838934361934662, Val_PLCC: 0.6679918766021729 Val_SROCC: 0.6700502038002014 ]
Evaluation results: [ MAE: 0.12906493246555328, PLCC: 0.6242660880088806 SROCC: 0.731168806552887 ]
