Epochs: 300
Epoch 0 : [ MAE: 1.8372745513916016, PLCC: -0.10744765400886536 SROCC: -0.050913628190755844 Validation: Val_MAE: 1.620130181312561, Val_PLCC: 0.08479554206132889 Val_SROCC: 0.09537158906459808 ]
Epoch 1 : [ MAE: 1.5737444162368774, PLCC: -0.07910923659801483 SROCC: -0.006785236764699221 Validation: Val_MAE: 1.357195258140564, Val_PLCC: 0.11010988056659698 Val_SROCC: 0.12070286273956299 ]
Epoch 2 : [ MAE: 1.3109272718429565, PLCC: -0.06601949036121368 SROCC: -0.08110690116882324 Validation: Val_MAE: 1.0950137376785278, Val_PLCC: 0.12963123619556427 Val_SROCC: 0.15163250267505646 ]
Epoch 3 : [ MAE: 1.0488650798797607, PLCC: -0.05798456445336342 SROCC: -0.12101764231920242 Validation: Val_MAE: 0.8335874080657959, Val_PLCC: 0.1357298046350479 Val_SROCC: 0.14699997007846832 ]
Epoch 4 : [ MAE: 0.7875602841377258, PLCC: -0.01747909188270569 SROCC: 0.0075080785900354385 Validation: Val_MAE: 0.5736951231956482, Val_PLCC: 0.12524645030498505 Val_SROCC: 0.13193076848983765 ]
Epoch 5 : [ MAE: 0.5292986035346985, PLCC: -0.015126916579902172 SROCC: -0.10106664150953293 Validation: Val_MAE: 0.3371431529521942, Val_PLCC: 0.10481324046850204 Val_SROCC: 0.10490381717681885 ]
Epoch 6 : [ MAE: 0.30112019181251526, PLCC: 0.03154483065009117 SROCC: 0.11071938276290894 Validation: Val_MAE: 0.195866659283638, Val_PLCC: 0.0857439711689949 Val_SROCC: 0.08782888203859329 ]
Epoch 7 : [ MAE: 0.17976436018943787, PLCC: 0.03750821575522423 SROCC: 0.028437776491045952 Validation: Val_MAE: 0.2049356997013092, Val_PLCC: 0.0688355416059494 Val_SROCC: 0.06766901165246964 ]
Epoch 8 : [ MAE: 0.21992823481559753, PLCC: 0.04483749717473984 SROCC: 0.07391851395368576 Validation: Val_MAE: 0.30441027879714966, Val_PLCC: 0.06835421174764633 Val_SROCC: 0.06869445741176605 ]
Epoch 9 : [ MAE: 0.3185787498950958, PLCC: 0.0470871776342392 SROCC: 0.023274416103959084 Validation: Val_MAE: 0.35119035840034485, Val_PLCC: 0.07234301418066025 Val_SROCC: 0.07953847944736481 ]
Epoch 10 : [ MAE: 0.3542840778827667, PLCC: 0.06836676597595215 SROCC: 0.12229727953672409 Validation: Val_MAE: 0.32843780517578125, Val_PLCC: 0.08553315699100494 Val_SROCC: 0.09432674199342728 ]
Epoch 11 : [ MAE: 0.32308658957481384, PLCC: 0.09113503992557526 SROCC: 0.09620939940214157 Validation: Val_MAE: 0.2629151940345764, Val_PLCC: 0.10136829316616058 Val_SROCC: 0.10913189500570297 ]
Epoch 12 : [ MAE: 0.25422370433807373, PLCC: 0.10043348371982574 SROCC: 0.1472105085849762 Validation: Val_MAE: 0.20147021114826202, Val_PLCC: 0.12115488946437836 Val_SROCC: 0.13209448754787445 ]
Epoch 13 : [ MAE: 0.19353072345256805, PLCC: 0.11365450918674469 SROCC: 0.11799506098031998 Validation: Val_MAE: 0.17485275864601135, Val_PLCC: 0.14391735196113586 Val_SROCC: 0.15781374275684357 ]
Epoch 14 : [ MAE: 0.17232321202754974, PLCC: 0.1326638013124466 SROCC: 0.148634672164917 Validation: Val_MAE: 0.19205324351787567, Val_PLCC: 0.1671002358198166 Val_SROCC: 0.17437420785427094 ]
Epoch 15 : [ MAE: 0.18456919491291046, PLCC: 0.13342975080013275 SROCC: 0.09929561614990234 Validation: Val_MAE: 0.2170516848564148, Val_PLCC: 0.19051101803779602 Val_SROCC: 0.19694599509239197 ]
Epoch 16 : [ MAE: 0.20531527698040009, PLCC: 0.19207599759101868 SROCC: 0.25556716322898865 Validation: Val_MAE: 0.22922994196414948, Val_PLCC: 0.20720645785331726 Val_SROCC: 0.20979925990104675 ]
Epoch 17 : [ MAE: 0.21554280817508698, PLCC: 0.14777526259422302 SROCC: 0.04235916584730148 Validation: Val_MAE: 0.22616562247276306, Val_PLCC: 0.22504587471485138 Val_SROCC: 0.22336536645889282 ]
Epoch 18 : [ MAE: 0.20981252193450928, PLCC: 0.18817925453186035 SROCC: 0.19179822504520416 Validation: Val_MAE: 0.2107016146183014, Val_PLCC: 0.23796187341213226 Val_SROCC: 0.2393520623445511 ]
Epoch 19 : [ MAE: 0.1940128058195114, PLCC: 0.23940934240818024 SROCC: 0.2813417315483093 Validation: Val_MAE: 0.19069011509418488, Val_PLCC: 0.24433478713035583 Val_SROCC: 0.2460542470216751 ]
Epoch 20 : [ MAE: 0.17893855273723602, PLCC: 0.2241419553756714 SROCC: 0.24530772864818573 Validation: Val_MAE: 0.17655819654464722, Val_PLCC: 0.25427985191345215 Val_SROCC: 0.2599570155143738 ]
Epoch 21 : [ MAE: 0.17248596251010895, PLCC: 0.27180415391921997 SROCC: 0.38558220863342285 Validation: Val_MAE: 0.17644841969013214, Val_PLCC: 0.2698366045951843 Val_SROCC: 0.28344762325286865 ]
Epoch 22 : [ MAE: 0.17374178767204285, PLCC: 0.245772123336792 SROCC: 0.227057546377182 Validation: Val_MAE: 0.18233665823936462, Val_PLCC: 0.28313130140304565 Val_SROCC: 0.2941170036792755 ]
Epoch 23 : [ MAE: 0.17881889641284943, PLCC: 0.2970257103443146 SROCC: 0.36148566007614136 Validation: Val_MAE: 0.1855318248271942, Val_PLCC: 0.2956840991973877 Val_SROCC: 0.30510851740837097 ]
Epoch 24 : [ MAE: 0.18126986920833588, PLCC: 0.29545876383781433 SROCC: 0.28221747279167175 Validation: Val_MAE: 0.18279404938220978, Val_PLCC: 0.31814172863960266 Val_SROCC: 0.31903356313705444 ]
Epoch 25 : [ MAE: 0.17770248651504517, PLCC: 0.32029202580451965 SROCC: 0.35127514600753784 Validation: Val_MAE: 0.17851659655570984, Val_PLCC: 0.33773553371429443 Val_SROCC: 0.3360849618911743 ]
Epoch 26 : [ MAE: 0.1736387461423874, PLCC: 0.33070826530456543 SROCC: 0.3465096652507782 Validation: Val_MAE: 0.17510133981704712, Val_PLCC: 0.3588946759700775 Val_SROCC: 0.35694053769111633 ]
Epoch 27 : [ MAE: 0.17189377546310425, PLCC: 0.36046212911605835 SROCC: 0.417372465133667 Validation: Val_MAE: 0.1755286306142807, Val_PLCC: 0.38097143173217773 Val_SROCC: 0.3741975724697113 ]
Epoch 28 : [ MAE: 0.17192132771015167, PLCC: 0.3927912712097168 SROCC: 0.46310460567474365 Validation: Val_MAE: 0.17783194780349731, Val_PLCC: 0.39714670181274414 Val_SROCC: 0.3857114017009735 ]
Epoch 29 : [ MAE: 0.17331679165363312, PLCC: 0.3538849353790283 SROCC: 0.2662700116634369 Validation: Val_MAE: 0.1793861836194992, Val_PLCC: 0.41114407777786255 Val_SROCC: 0.40023699402809143 ]
Epoch 30 : [ MAE: 0.1736917644739151, PLCC: 0.3742702305316925 SROCC: 0.30528491735458374 Validation: Val_MAE: 0.17904086410999298, Val_PLCC: 0.4245569407939911 Val_SROCC: 0.41642582416534424 ]
Epoch 31 : [ MAE: 0.17333737015724182, PLCC: 0.42629462480545044 SROCC: 0.3956215977668762 Validation: Val_MAE: 0.1776159107685089, Val_PLCC: 0.435217946767807 Val_SROCC: 0.4224626421928406 ]
Epoch 32 : [ MAE: 0.17264901101589203, PLCC: 0.4643968939781189 SROCC: 0.5701386332511902 Validation: Val_MAE: 0.17594274878501892, Val_PLCC: 0.44425883889198303 Val_SROCC: 0.43706896901130676 ]
Epoch 33 : [ MAE: 0.17184503376483917, PLCC: 0.4329010844230652 SROCC: 0.3832932114601135 Validation: Val_MAE: 0.1749560385942459, Val_PLCC: 0.4565674960613251 Val_SROCC: 0.4521569013595581 ]
Epoch 34 : [ MAE: 0.17154701054096222, PLCC: 0.4318324029445648 SROCC: 0.39644962549209595 Validation: Val_MAE: 0.1748851239681244, Val_PLCC: 0.4616400897502899 Val_SROCC: 0.45750412344932556 ]
Epoch 35 : [ MAE: 0.17219220101833344, PLCC: 0.46903544664382935 SROCC: 0.44423627853393555 Validation: Val_MAE: 0.1752152293920517, Val_PLCC: 0.47129714488983154 Val_SROCC: 0.4637799561023712 ]
Epoch 36 : [ MAE: 0.17190563678741455, PLCC: 0.45900270342826843 SROCC: 0.3783455789089203 Validation: Val_MAE: 0.17500793933868408, Val_PLCC: 0.47829875349998474 Val_SROCC: 0.4694164991378784 ]
Epoch 37 : [ MAE: 0.17170463502407074, PLCC: 0.4879785478115082 SROCC: 0.47682616114616394 Validation: Val_MAE: 0.17480871081352234, Val_PLCC: 0.485282838344574 Val_SROCC: 0.47736164927482605 ]
Epoch 38 : [ MAE: 0.17139744758605957, PLCC: 0.48188936710357666 SROCC: 0.4944351613521576 Validation: Val_MAE: 0.1750047206878662, Val_PLCC: 0.4890841245651245 Val_SROCC: 0.48574772477149963 ]
Epoch 39 : [ MAE: 0.17152807116508484, PLCC: 0.48478245735168457 SROCC: 0.4317876994609833 Validation: Val_MAE: 0.1753746122121811, Val_PLCC: 0.4947357475757599 Val_SROCC: 0.4901576042175293 ]
Epoch 40 : [ MAE: 0.17169204354286194, PLCC: 0.4935891628265381 SROCC: 0.5041214823722839 Validation: Val_MAE: 0.17562957108020782, Val_PLCC: 0.49848684668540955 Val_SROCC: 0.4981178343296051 ]
Epoch 41 : [ MAE: 0.1718417853116989, PLCC: 0.47605061531066895 SROCC: 0.3843267560005188 Validation: Val_MAE: 0.17577441036701202, Val_PLCC: 0.4998961389064789 Val_SROCC: 0.49530738592147827 ]
Epoch 42 : [ MAE: 0.17189611494541168, PLCC: 0.5089753866195679 SROCC: 0.4565611481666565 Validation: Val_MAE: 0.17549218237400055, Val_PLCC: 0.5016694664955139 Val_SROCC: 0.5006213784217834 ]
Epoch 43 : [ MAE: 0.17172536253929138, PLCC: 0.5229553580284119 SROCC: 0.5617058277130127 Validation: Val_MAE: 0.17519065737724304, Val_PLCC: 0.5058364272117615 Val_SROCC: 0.5125859975814819 ]
Epoch 44 : [ MAE: 0.1716049164533615, PLCC: 0.5281020402908325 SROCC: 0.5645127892494202 Validation: Val_MAE: 0.17495043575763702, Val_PLCC: 0.5076755881309509 Val_SROCC: 0.5118653178215027 ]
Epoch 45 : [ MAE: 0.1714840531349182, PLCC: 0.5347726345062256 SROCC: 0.5879419445991516 Validation: Val_MAE: 0.17482905089855194, Val_PLCC: 0.5079360604286194 Val_SROCC: 0.5111826658248901 ]
Epoch 46 : [ MAE: 0.17146295309066772, PLCC: 0.5238016843795776 SROCC: 0.5099502801895142 Validation: Val_MAE: 0.17479924857616425, Val_PLCC: 0.507656455039978 Val_SROCC: 0.5136536359786987 ]
Epoch 47 : [ MAE: 0.17153847217559814, PLCC: 0.521025538444519 SROCC: 0.5282543897628784 Validation: Val_MAE: 0.17481239140033722, Val_PLCC: 0.5085005164146423 Val_SROCC: 0.5181797742843628 ]
Epoch 48 : [ MAE: 0.17141538858413696, PLCC: 0.5109236836433411 SROCC: 0.4996281564235687 Validation: Val_MAE: 0.17492960393428802, Val_PLCC: 0.5089831948280334 Val_SROCC: 0.5169640779495239 ]
Epoch 49 : [ MAE: 0.1717616766691208, PLCC: 0.5214905142784119 SROCC: 0.46566981077194214 Validation: Val_MAE: 0.17513756453990936, Val_PLCC: 0.5101017355918884 Val_SROCC: 0.5177523493766785 ]
Epoch 50 : [ MAE: 0.17155663669109344, PLCC: 0.5450714826583862 SROCC: 0.5757077932357788 Validation: Val_MAE: 0.17508141696453094, Val_PLCC: 0.5106145143508911 Val_SROCC: 0.5165851712226868 ]
Epoch 51 : [ MAE: 0.17151440680027008, PLCC: 0.5281050205230713 SROCC: 0.532401442527771 Validation: Val_MAE: 0.17494581639766693, Val_PLCC: 0.5101950764656067 Val_SROCC: 0.5137186646461487 ]
Epoch 52 : [ MAE: 0.1714249849319458, PLCC: 0.5150911211967468 SROCC: 0.47411251068115234 Validation: Val_MAE: 0.17485344409942627, Val_PLCC: 0.5106240510940552 Val_SROCC: 0.5124144554138184 ]
Epoch 53 : [ MAE: 0.17147575318813324, PLCC: 0.5413391590118408 SROCC: 0.6073463559150696 Validation: Val_MAE: 0.17481449246406555, Val_PLCC: 0.5084869265556335 Val_SROCC: 0.5087150931358337 ]
Epoch 54 : [ MAE: 0.1714586615562439, PLCC: 0.5256240367889404 SROCC: 0.5475982427597046 Validation: Val_MAE: 0.17484848201274872, Val_PLCC: 0.5086095929145813 Val_SROCC: 0.5067896842956543 ]
Epoch 55 : [ MAE: 0.1714257001876831, PLCC: 0.5440386533737183 SROCC: 0.6541455388069153 Validation: Val_MAE: 0.17491015791893005, Val_PLCC: 0.5075908899307251 Val_SROCC: 0.5055794715881348 ]
Epoch 56 : [ MAE: 0.1714552342891693, PLCC: 0.5270357728004456 SROCC: 0.5493282079696655 Validation: Val_MAE: 0.17495542764663696, Val_PLCC: 0.5084287524223328 Val_SROCC: 0.502906322479248 ]
Epoch 57 : [ MAE: 0.1714366227388382, PLCC: 0.5494527220726013 SROCC: 0.6447240114212036 Validation: Val_MAE: 0.17492099106311798, Val_PLCC: 0.5076562762260437 Val_SROCC: 0.5015659928321838 ]
Epoch 58 : [ MAE: 0.17154306173324585, PLCC: 0.5346022248268127 SROCC: 0.4887844920158386 Validation: Val_MAE: 0.17486970126628876, Val_PLCC: 0.5059428811073303 Val_SROCC: 0.5018839240074158 ]
Epoch 59 : [ MAE: 0.1714148074388504, PLCC: 0.5226409435272217 SROCC: 0.5474715828895569 Validation: Val_MAE: 0.1749129742383957, Val_PLCC: 0.5053040385246277 Val_SROCC: 0.49860742688179016 ]
Epoch 60 : [ MAE: 0.1714426726102829, PLCC: 0.554437518119812 SROCC: 0.6001693606376648 Validation: Val_MAE: 0.17493434250354767, Val_PLCC: 0.5051811337471008 Val_SROCC: 0.49927207827568054 ]
Epoch 61 : [ MAE: 0.17143163084983826, PLCC: 0.5437036156654358 SROCC: 0.6055637001991272 Validation: Val_MAE: 0.17490363121032715, Val_PLCC: 0.503860592842102 Val_SROCC: 0.4979391098022461 ]
Epoch 62 : [ MAE: 0.17144280672073364, PLCC: 0.5310976505279541 SROCC: 0.5470526218414307 Validation: Val_MAE: 0.17488765716552734, Val_PLCC: 0.5024853944778442 Val_SROCC: 0.49413710832595825 ]
Epoch 63 : [ MAE: 0.17140279710292816, PLCC: 0.5287386178970337 SROCC: 0.5336177945137024 Validation: Val_MAE: 0.17483283579349518, Val_PLCC: 0.5001457333564758 Val_SROCC: 0.4935353994369507 ]
Epoch 64 : [ MAE: 0.17149238288402557, PLCC: 0.5201338529586792 SROCC: 0.5001358389854431 Validation: Val_MAE: 0.1748024970293045, Val_PLCC: 0.49952229857444763 Val_SROCC: 0.4886064827442169 ]
Epoch 65 : [ MAE: 0.17149773240089417, PLCC: 0.5471255779266357 SROCC: 0.581630527973175 Validation: Val_MAE: 0.17484378814697266, Val_PLCC: 0.49831876158714294 Val_SROCC: 0.485752671957016 ]
Epoch 66 : [ MAE: 0.17148855328559875, PLCC: 0.5279371738433838 SROCC: 0.5318055152893066 Validation: Val_MAE: 0.1748603731393814, Val_PLCC: 0.49653324484825134 Val_SROCC: 0.48474493622779846 ]
Epoch 67 : [ MAE: 0.17142678797245026, PLCC: 0.5275797843933105 SROCC: 0.5021233558654785 Validation: Val_MAE: 0.1748465895652771, Val_PLCC: 0.4945288300514221 Val_SROCC: 0.483428031206131 ]
Epoch 68 : [ MAE: 0.1714731603860855, PLCC: 0.539483904838562 SROCC: 0.5924120545387268 Validation: Val_MAE: 0.1748809814453125, Val_PLCC: 0.4937311112880707 Val_SROCC: 0.4853135049343109 ]
Epoch 69 : [ MAE: 0.17148196697235107, PLCC: 0.5423635840415955 SROCC: 0.582118034362793 Validation: Val_MAE: 0.1750124841928482, Val_PLCC: 0.49258315563201904 Val_SROCC: 0.48343899846076965 ]
Epoch 70 : [ MAE: 0.17148232460021973, PLCC: 0.509414792060852 SROCC: 0.4738508462905884 Validation: Val_MAE: 0.1750636249780655, Val_PLCC: 0.49193233251571655 Val_SROCC: 0.4861861765384674 ]
Epoch 71 : [ MAE: 0.1715777963399887, PLCC: 0.5468702912330627 SROCC: 0.617307186126709 Validation: Val_MAE: 0.1750505566596985, Val_PLCC: 0.4898959696292877 Val_SROCC: 0.4858575463294983 ]
Epoch 72 : [ MAE: 0.17147837579250336, PLCC: 0.5710201263427734 SROCC: 0.6492164134979248 Validation: Val_MAE: 0.17489543557167053, Val_PLCC: 0.4887731075286865 Val_SROCC: 0.4836196005344391 ]
Epoch 73 : [ MAE: 0.17151300609111786, PLCC: 0.506686806678772 SROCC: 0.4402220845222473 Validation: Val_MAE: 0.17480552196502686, Val_PLCC: 0.48661985993385315 Val_SROCC: 0.4808415472507477 ]
Epoch 74 : [ MAE: 0.17149469256401062, PLCC: 0.5256079435348511 SROCC: 0.5532892942428589 Validation: Val_MAE: 0.17482483386993408, Val_PLCC: 0.4853496849536896 Val_SROCC: 0.47836893796920776 ]
Epoch 75 : [ MAE: 0.17145593464374542, PLCC: 0.48909705877304077 SROCC: 0.41526859998703003 Validation: Val_MAE: 0.1749253123998642, Val_PLCC: 0.48334604501724243 Val_SROCC: 0.4751194715499878 ]
Epoch 76 : [ MAE: 0.17146669328212738, PLCC: 0.530929446220398 SROCC: 0.5755765438079834 Validation: Val_MAE: 0.1749725341796875, Val_PLCC: 0.48135995864868164 Val_SROCC: 0.4753723442554474 ]
Epoch 77 : [ MAE: 0.17144450545310974, PLCC: 0.5314423441886902 SROCC: 0.5797989368438721 Validation: Val_MAE: 0.17491962015628815, Val_PLCC: 0.4802554249763489 Val_SROCC: 0.47693324089050293 ]
Epoch 78 : [ MAE: 0.17138078808784485, PLCC: 0.5344142317771912 SROCC: 0.5259184837341309 Validation: Val_MAE: 0.17481838166713715, Val_PLCC: 0.4790382385253906 Val_SROCC: 0.47758692502975464 ]
Epoch 79 : [ MAE: 0.17168909311294556, PLCC: 0.5320455431938171 SROCC: 0.5691099762916565 Validation: Val_MAE: 0.17483709752559662, Val_PLCC: 0.4770857095718384 Val_SROCC: 0.47635525465011597 ]
Epoch 80 : [ MAE: 0.17156395316123962, PLCC: 0.5069037675857544 SROCC: 0.45952311158180237 Validation: Val_MAE: 0.17481590807437897, Val_PLCC: 0.47625258564949036 Val_SROCC: 0.47245049476623535 ]
Epoch 81 : [ MAE: 0.1714426875114441, PLCC: 0.5366780757904053 SROCC: 0.5624206066131592 Validation: Val_MAE: 0.17493712902069092, Val_PLCC: 0.4749728739261627 Val_SROCC: 0.4720493257045746 ]
Epoch 82 : [ MAE: 0.17153961956501007, PLCC: 0.5168489217758179 SROCC: 0.5715152621269226 Validation: Val_MAE: 0.17503686249256134, Val_PLCC: 0.47554710507392883 Val_SROCC: 0.4748470187187195 ]
Epoch 83 : [ MAE: 0.17149955034255981, PLCC: 0.5334833860397339 SROCC: 0.5791202187538147 Validation: Val_MAE: 0.1749439686536789, Val_PLCC: 0.4736166000366211 Val_SROCC: 0.4743233919143677 ]
Epoch 84 : [ MAE: 0.17145194113254547, PLCC: 0.501384973526001 SROCC: 0.4547528922557831 Validation: Val_MAE: 0.1748039573431015, Val_PLCC: 0.4734562039375305 Val_SROCC: 0.4724704623222351 ]
Epoch 85 : [ MAE: 0.17145302891731262, PLCC: 0.5132858157157898 SROCC: 0.5118296146392822 Validation: Val_MAE: 0.17483048141002655, Val_PLCC: 0.47252753376960754 Val_SROCC: 0.4735878109931946 ]
Epoch 86 : [ MAE: 0.17164231836795807, PLCC: 0.511939525604248 SROCC: 0.4836942255496979 Validation: Val_MAE: 0.1748611032962799, Val_PLCC: 0.4727128744125366 Val_SROCC: 0.471245676279068 ]
Epoch 87 : [ MAE: 0.17159514129161835, PLCC: 0.5126938223838806 SROCC: 0.5288966298103333 Validation: Val_MAE: 0.1748047024011612, Val_PLCC: 0.4732111394405365 Val_SROCC: 0.4720204174518585 ]
Epoch 88 : [ MAE: 0.1714196354150772, PLCC: 0.5137813091278076 SROCC: 0.4814653992652893 Validation: Val_MAE: 0.17496417462825775, Val_PLCC: 0.47259294986724854 Val_SROCC: 0.47183430194854736 ]
Epoch 89 : [ MAE: 0.17167647182941437, PLCC: 0.4928717315196991 SROCC: 0.4388525187969208 Validation: Val_MAE: 0.17512355744838715, Val_PLCC: 0.47205108404159546 Val_SROCC: 0.4710289537906647 ]
Epoch 90 : [ MAE: 0.17167909443378448, PLCC: 0.5123489499092102 SROCC: 0.521422803401947 Validation: Val_MAE: 0.17497286200523376, Val_PLCC: 0.47160282731056213 Val_SROCC: 0.4694012403488159 ]
Epoch 91 : [ MAE: 0.17150558531284332, PLCC: 0.5353801846504211 SROCC: 0.6273828148841858 Validation: Val_MAE: 0.1749197095632553, Val_PLCC: 0.4713614583015442 Val_SROCC: 0.4687926769256592 ]
Epoch 92 : [ MAE: 0.1715989112854004, PLCC: 0.5046407580375671 SROCC: 0.45299234986305237 Validation: Val_MAE: 0.17480260133743286, Val_PLCC: 0.470353364944458 Val_SROCC: 0.4666941165924072 ]
Epoch 93 : [ MAE: 0.17147795855998993, PLCC: 0.4827081859111786 SROCC: 0.41630029678344727 Validation: Val_MAE: 0.1748313307762146, Val_PLCC: 0.46968600153923035 Val_SROCC: 0.4659588932991028 ]
Epoch 94 : [ MAE: 0.1714320033788681, PLCC: 0.5070951581001282 SROCC: 0.48459428548812866 Validation: Val_MAE: 0.1749287098646164, Val_PLCC: 0.47017455101013184 Val_SROCC: 0.46599501371383667 ]
Epoch 95 : [ MAE: 0.1715325117111206, PLCC: 0.5172393321990967 SROCC: 0.506134033203125 Validation: Val_MAE: 0.17494161427021027, Val_PLCC: 0.4691503942012787 Val_SROCC: 0.46497800946235657 ]
Epoch 96 : [ MAE: 0.17138656973838806, PLCC: 0.5201603174209595 SROCC: 0.5001826286315918 Validation: Val_MAE: 0.17484086751937866, Val_PLCC: 0.4701592028141022 Val_SROCC: 0.4660889208316803 ]
Epoch 97 : [ MAE: 0.17148058116436005, PLCC: 0.5473811030387878 SROCC: 0.5687497854232788 Validation: Val_MAE: 0.1747916042804718, Val_PLCC: 0.4694247245788574 Val_SROCC: 0.4647923409938812 ]
Epoch 98 : [ MAE: 0.17149631679058075, PLCC: 0.5295243263244629 SROCC: 0.5075109004974365 Validation: Val_MAE: 0.1748359501361847, Val_PLCC: 0.4696686267852783 Val_SROCC: 0.46492794156074524 ]
Epoch 99 : [ MAE: 0.17144674062728882, PLCC: 0.5205312371253967 SROCC: 0.5136637091636658 Validation: Val_MAE: 0.17493723332881927, Val_PLCC: 0.4693678021430969 Val_SROCC: 0.4661289155483246 ]
Epoch 100 : [ MAE: 0.17142778635025024, PLCC: 0.5211262702941895 SROCC: 0.49819228053092957 Validation: Val_MAE: 0.17497214674949646, Val_PLCC: 0.46880924701690674 Val_SROCC: 0.46658357977867126 ]
Epoch 101 : [ MAE: 0.1715167611837387, PLCC: 0.5207405686378479 SROCC: 0.5412307977676392 Validation: Val_MAE: 0.1750127077102661, Val_PLCC: 0.4689669609069824 Val_SROCC: 0.46569156646728516 ]
Epoch 102 : [ MAE: 0.17146913707256317, PLCC: 0.5171975493431091 SROCC: 0.49534496665000916 Validation: Val_MAE: 0.174898162484169, Val_PLCC: 0.4687279760837555 Val_SROCC: 0.465913861989975 ]
Epoch 103 : [ MAE: 0.17139436304569244, PLCC: 0.5065693855285645 SROCC: 0.46734240651130676 Validation: Val_MAE: 0.1748197078704834, Val_PLCC: 0.467954158782959 Val_SROCC: 0.4645377993583679 ]
Epoch 104 : [ MAE: 0.17155642807483673, PLCC: 0.5118573904037476 SROCC: 0.48458781838417053 Validation: Val_MAE: 0.1748013198375702, Val_PLCC: 0.467449426651001 Val_SROCC: 0.4632912874221802 ]
Epoch 105 : [ MAE: 0.1714533567428589, PLCC: 0.520284116268158 SROCC: 0.51576828956604 Validation: Val_MAE: 0.174927219748497, Val_PLCC: 0.4671289026737213 Val_SROCC: 0.4643533229827881 ]
Epoch 106 : [ MAE: 0.17133355140686035, PLCC: 0.5145668387413025 SROCC: 0.4899630546569824 Validation: Val_MAE: 0.1752452701330185, Val_PLCC: 0.4661255478858948 Val_SROCC: 0.4635619521141052 ]
Epoch 107 : [ MAE: 0.17169760167598724, PLCC: 0.5001102089881897 SROCC: 0.4157428443431854 Validation: Val_MAE: 0.17569184303283691, Val_PLCC: 0.46606069803237915 Val_SROCC: 0.4632079303264618 ]
Epoch 108 : [ MAE: 0.1718282848596573, PLCC: 0.517765998840332 SROCC: 0.49244049191474915 Validation: Val_MAE: 0.17543180286884308, Val_PLCC: 0.465981662273407 Val_SROCC: 0.4622814953327179 ]
Epoch 109 : [ MAE: 0.1717102974653244, PLCC: 0.517228901386261 SROCC: 0.49985387921333313 Validation: Val_MAE: 0.17506693303585052, Val_PLCC: 0.4663549065589905 Val_SROCC: 0.46242430806159973 ]
Epoch 110 : [ MAE: 0.1714356243610382, PLCC: 0.501469612121582 SROCC: 0.4898647367954254 Validation: Val_MAE: 0.17485210299491882, Val_PLCC: 0.46676206588745117 Val_SROCC: 0.4639270603656769 ]
Epoch 111 : [ MAE: 0.1716737300157547, PLCC: 0.5378376841545105 SROCC: 0.6431871056556702 Validation: Val_MAE: 0.17485910654067993, Val_PLCC: 0.4669301211833954 Val_SROCC: 0.464660108089447 ]
Epoch 112 : [ MAE: 0.17163537442684174, PLCC: 0.514464259147644 SROCC: 0.4775349497795105 Validation: Val_MAE: 0.1748274266719818, Val_PLCC: 0.46670353412628174 Val_SROCC: 0.4625360369682312 ]
Epoch 113 : [ MAE: 0.1715552657842636, PLCC: 0.5269649028778076 SROCC: 0.5472314357757568 Validation: Val_MAE: 0.17481383681297302, Val_PLCC: 0.46712425351142883 Val_SROCC: 0.46408432722091675 ]
Epoch 114 : [ MAE: 0.17151930928230286, PLCC: 0.4879916310310364 SROCC: 0.41261979937553406 Validation: Val_MAE: 0.17493709921836853, Val_PLCC: 0.46714892983436584 Val_SROCC: 0.464188814163208 ]
Epoch 115 : [ MAE: 0.17142602801322937, PLCC: 0.5289664268493652 SROCC: 0.546266496181488 Validation: Val_MAE: 0.17493495345115662, Val_PLCC: 0.46654099225997925 Val_SROCC: 0.46125781536102295 ]
Epoch 116 : [ MAE: 0.171493262052536, PLCC: 0.49755793809890747 SROCC: 0.4596436023712158 Validation: Val_MAE: 0.17494751513004303, Val_PLCC: 0.4660769999027252 Val_SROCC: 0.4622742831707001 ]
Epoch 117 : [ MAE: 0.1714206486940384, PLCC: 0.5428153276443481 SROCC: 0.5114905834197998 Validation: Val_MAE: 0.17502425611019135, Val_PLCC: 0.46606290340423584 Val_SROCC: 0.4610266089439392 ]
Epoch 118 : [ MAE: 0.17149662971496582, PLCC: 0.49369120597839355 SROCC: 0.4296456277370453 Validation: Val_MAE: 0.17497117817401886, Val_PLCC: 0.4652015268802643 Val_SROCC: 0.4619041383266449 ]
Epoch 119 : [ MAE: 0.1714162677526474, PLCC: 0.5285053253173828 SROCC: 0.5650011301040649 Validation: Val_MAE: 0.17482464015483856, Val_PLCC: 0.46431705355644226 Val_SROCC: 0.4617490768432617 ]
Epoch 120 : [ MAE: 0.1715005338191986, PLCC: 0.5090266466140747 SROCC: 0.5589917302131653 Validation: Val_MAE: 0.17493627965450287, Val_PLCC: 0.46406427025794983 Val_SROCC: 0.4604775607585907 ]
Epoch 121 : [ MAE: 0.17170248925685883, PLCC: 0.5247210264205933 SROCC: 0.5397271513938904 Validation: Val_MAE: 0.17497871816158295, Val_PLCC: 0.4633382558822632 Val_SROCC: 0.46061813831329346 ]
Epoch 122 : [ MAE: 0.17171214520931244, PLCC: 0.5325734615325928 SROCC: 0.5602596998214722 Validation: Val_MAE: 0.17483487725257874, Val_PLCC: 0.4629436135292053 Val_SROCC: 0.4609015882015228 ]
Epoch 123 : [ MAE: 0.17156291007995605, PLCC: 0.5113368630409241 SROCC: 0.4830872714519501 Validation: Val_MAE: 0.17486213147640228, Val_PLCC: 0.46260926127433777 Val_SROCC: 0.4613172709941864 ]
Epoch 124 : [ MAE: 0.1714603155851364, PLCC: 0.5121058225631714 SROCC: 0.4632897973060608 Validation: Val_MAE: 0.1749662309885025, Val_PLCC: 0.46229809522628784 Val_SROCC: 0.4606359302997589 ]
Epoch 125 : [ MAE: 0.17144623398780823, PLCC: 0.5430895090103149 SROCC: 0.6061165928840637 Validation: Val_MAE: 0.17493483424186707, Val_PLCC: 0.46162113547325134 Val_SROCC: 0.46035248041152954 ]
Epoch 126 : [ MAE: 0.17138516902923584, PLCC: 0.5345097184181213 SROCC: 0.5537653565406799 Validation: Val_MAE: 0.1748405396938324, Val_PLCC: 0.4610220789909363 Val_SROCC: 0.4583873748779297 ]
Epoch 127 : [ MAE: 0.17139922082424164, PLCC: 0.5245100259780884 SROCC: 0.5625134706497192 Validation: Val_MAE: 0.17480020225048065, Val_PLCC: 0.46055975556373596 Val_SROCC: 0.45887142419815063 ]
Epoch 128 : [ MAE: 0.1715385764837265, PLCC: 0.49408483505249023 SROCC: 0.441374808549881 Validation: Val_MAE: 0.174885094165802, Val_PLCC: 0.45993468165397644 Val_SROCC: 0.4587036073207855 ]
Epoch 129 : [ MAE: 0.17166484892368317, PLCC: 0.5022946000099182 SROCC: 0.46053698658943176 Validation: Val_MAE: 0.17483238875865936, Val_PLCC: 0.459629625082016 Val_SROCC: 0.45660677552223206 ]
Epoch 130 : [ MAE: 0.17157617211341858, PLCC: 0.4864707589149475 SROCC: 0.42983052134513855 Validation: Val_MAE: 0.17486105859279633, Val_PLCC: 0.4592193067073822 Val_SROCC: 0.45575428009033203 ]
Epoch 131 : [ MAE: 0.17135372757911682, PLCC: 0.5395030379295349 SROCC: 0.5936346650123596 Validation: Val_MAE: 0.17504464089870453, Val_PLCC: 0.4588855803012848 Val_SROCC: 0.4549572765827179 ]
Epoch 132 : [ MAE: 0.17177020013332367, PLCC: 0.5191985368728638 SROCC: 0.524488091468811 Validation: Val_MAE: 0.17516513168811798, Val_PLCC: 0.45820170640945435 Val_SROCC: 0.45176461338996887 ]
Epoch 133 : [ MAE: 0.17154359817504883, PLCC: 0.5165187120437622 SROCC: 0.5277420282363892 Validation: Val_MAE: 0.17489193379878998, Val_PLCC: 0.45784619450569153 Val_SROCC: 0.4514716863632202 ]
Epoch 134 : [ MAE: 0.1714860051870346, PLCC: 0.5188694596290588 SROCC: 0.5665848851203918 Validation: Val_MAE: 0.17480047047138214, Val_PLCC: 0.4573676288127899 Val_SROCC: 0.4502290189266205 ]
Epoch 135 : [ MAE: 0.17168958485126495, PLCC: 0.5258795022964478 SROCC: 0.4992179274559021 Validation: Val_MAE: 0.17478252947330475, Val_PLCC: 0.45675012469291687 Val_SROCC: 0.4501751959323883 ]
Epoch 136 : [ MAE: 0.17142152786254883, PLCC: 0.5280656814575195 SROCC: 0.5656220316886902 Validation: Val_MAE: 0.17496739327907562, Val_PLCC: 0.45601117610931396 Val_SROCC: 0.45009735226631165 ]
Epoch 137 : [ MAE: 0.1713879108428955, PLCC: 0.5173177123069763 SROCC: 0.5398562550544739 Validation: Val_MAE: 0.17543423175811768, Val_PLCC: 0.455636590719223 Val_SROCC: 0.4510020613670349 ]
Epoch 138 : [ MAE: 0.17189739644527435, PLCC: 0.5323699712753296 SROCC: 0.5865564346313477 Validation: Val_MAE: 0.17580340802669525, Val_PLCC: 0.455268919467926 Val_SROCC: 0.4523763954639435 ]
Epoch 139 : [ MAE: 0.17181351780891418, PLCC: 0.5046476125717163 SROCC: 0.49889570474624634 Validation: Val_MAE: 0.17513220012187958, Val_PLCC: 0.45501047372817993 Val_SROCC: 0.4524269700050354 ]
Epoch 140 : [ MAE: 0.17163068056106567, PLCC: 0.5273628830909729 SROCC: 0.539690375328064 Validation: Val_MAE: 0.17477451264858246, Val_PLCC: 0.4546622037887573 Val_SROCC: 0.45120111107826233 ]
Epoch 141 : [ MAE: 0.171587273478508, PLCC: 0.5314120054244995 SROCC: 0.6023003458976746 Validation: Val_MAE: 0.17484129965305328, Val_PLCC: 0.4540780782699585 Val_SROCC: 0.45162177085876465 ]
Epoch 142 : [ MAE: 0.17159399390220642, PLCC: 0.5339339971542358 SROCC: 0.5890478491783142 Validation: Val_MAE: 0.17477299273014069, Val_PLCC: 0.45402371883392334 Val_SROCC: 0.45069700479507446 ]
Epoch 143 : [ MAE: 0.171426460146904, PLCC: 0.5238363742828369 SROCC: 0.5368355512619019 Validation: Val_MAE: 0.17490912973880768, Val_PLCC: 0.45329633355140686 Val_SROCC: 0.45022016763687134 ]
Epoch 144 : [ MAE: 0.17145903408527374, PLCC: 0.5161020755767822 SROCC: 0.518311083316803 Validation: Val_MAE: 0.17504915595054626, Val_PLCC: 0.45299431681632996 Val_SROCC: 0.4501607418060303 ]
Epoch 145 : [ MAE: 0.17151367664337158, PLCC: 0.5039279460906982 SROCC: 0.4841541349887848 Validation: Val_MAE: 0.1749720424413681, Val_PLCC: 0.45294511318206787 Val_SROCC: 0.4501078426837921 ]
Epoch 146 : [ MAE: 0.17148585617542267, PLCC: 0.5044662952423096 SROCC: 0.5125357508659363 Validation: Val_MAE: 0.1748919039964676, Val_PLCC: 0.4530695080757141 Val_SROCC: 0.45057979226112366 ]
Epoch 147 : [ MAE: 0.17138490080833435, PLCC: 0.5088199377059937 SROCC: 0.5239523649215698 Validation: Val_MAE: 0.17476888000965118, Val_PLCC: 0.45311981439590454 Val_SROCC: 0.4505830407142639 ]
Epoch 148 : [ MAE: 0.1715039759874344, PLCC: 0.5176747441291809 SROCC: 0.5558997988700867 Validation: Val_MAE: 0.17476795613765717, Val_PLCC: 0.4528341591358185 Val_SROCC: 0.44971445202827454 ]
Epoch 149 : [ MAE: 0.1714295893907547, PLCC: 0.5175368785858154 SROCC: 0.5176311731338501 Validation: Val_MAE: 0.17490150034427643, Val_PLCC: 0.45256197452545166 Val_SROCC: 0.44744428992271423 ]
Epoch 150 : [ MAE: 0.17141394317150116, PLCC: 0.4971981346607208 SROCC: 0.4627278447151184 Validation: Val_MAE: 0.17514272034168243, Val_PLCC: 0.45229455828666687 Val_SROCC: 0.44782158732414246 ]
Epoch 151 : [ MAE: 0.17155534029006958, PLCC: 0.5480917096138 SROCC: 0.6227300763130188 Validation: Val_MAE: 0.17513881623744965, Val_PLCC: 0.45226842164993286 Val_SROCC: 0.44749248027801514 ]
Epoch 152 : [ MAE: 0.1716422140598297, PLCC: 0.5348451137542725 SROCC: 0.6544231176376343 Validation: Val_MAE: 0.17492499947547913, Val_PLCC: 0.4519679546356201 Val_SROCC: 0.4479154944419861 ]
Epoch 153 : [ MAE: 0.17136353254318237, PLCC: 0.5037176609039307 SROCC: 0.5129385590553284 Validation: Val_MAE: 0.17490744590759277, Val_PLCC: 0.45133960247039795 Val_SROCC: 0.44634613394737244 ]
Epoch 154 : [ MAE: 0.17163151502609253, PLCC: 0.5102550983428955 SROCC: 0.4972781538963318 Validation: Val_MAE: 0.1753293126821518, Val_PLCC: 0.4506722688674927 Val_SROCC: 0.44553858041763306 ]
Epoch 155 : [ MAE: 0.17200259864330292, PLCC: 0.5242877006530762 SROCC: 0.5792057514190674 Validation: Val_MAE: 0.1753157079219818, Val_PLCC: 0.4499262869358063 Val_SROCC: 0.4450184106826782 ]
Epoch 156 : [ MAE: 0.17196951806545258, PLCC: 0.5077991485595703 SROCC: 0.5279188752174377 Validation: Val_MAE: 0.1748533844947815, Val_PLCC: 0.44957584142684937 Val_SROCC: 0.4449445605278015 ]
Epoch 157 : [ MAE: 0.17176474630832672, PLCC: 0.4835474491119385 SROCC: 0.45552992820739746 Validation: Val_MAE: 0.1748628169298172, Val_PLCC: 0.4493313729763031 Val_SROCC: 0.4449445605278015 ]
Epoch 158 : [ MAE: 0.17134816944599152, PLCC: 0.5203420519828796 SROCC: 0.5418861508369446 Validation: Val_MAE: 0.17503486573696136, Val_PLCC: 0.44886210560798645 Val_SROCC: 0.4449734389781952 ]
Epoch 159 : [ MAE: 0.17144016921520233, PLCC: 0.5338103175163269 SROCC: 0.6043347120285034 Validation: Val_MAE: 0.1754157841205597, Val_PLCC: 0.44848746061325073 Val_SROCC: 0.4432772696018219 ]
Epoch 160 : [ MAE: 0.1717449277639389, PLCC: 0.5209318399429321 SROCC: 0.5564008355140686 Validation: Val_MAE: 0.1755448579788208, Val_PLCC: 0.44776323437690735 Val_SROCC: 0.4419768154621124 ]
Epoch 161 : [ MAE: 0.17183426022529602, PLCC: 0.5147261023521423 SROCC: 0.5351928472518921 Validation: Val_MAE: 0.17506183683872223, Val_PLCC: 0.4471949636936188 Val_SROCC: 0.4419551491737366 ]
Epoch 162 : [ MAE: 0.1714489907026291, PLCC: 0.4954674541950226 SROCC: 0.4993715286254883 Validation: Val_MAE: 0.17486408352851868, Val_PLCC: 0.44673576951026917 Val_SROCC: 0.4420257806777954 ]
Epoch 163 : [ MAE: 0.1714482307434082, PLCC: 0.5265249013900757 SROCC: 0.5854137539863586 Validation: Val_MAE: 0.17475825548171997, Val_PLCC: 0.44671809673309326 Val_SROCC: 0.4420257806777954 ]
Epoch 164 : [ MAE: 0.17148630321025848, PLCC: 0.5144914388656616 SROCC: 0.5398674607276917 Validation: Val_MAE: 0.1747586727142334, Val_PLCC: 0.44662192463874817 Val_SROCC: 0.4419102072715759 ]
Epoch 165 : [ MAE: 0.17139022052288055, PLCC: 0.5137631297111511 SROCC: 0.5343601107597351 Validation: Val_MAE: 0.17488691210746765, Val_PLCC: 0.4465799629688263 Val_SROCC: 0.4419102072715759 ]
Epoch 166 : [ MAE: 0.17132897675037384, PLCC: 0.4943167567253113 SROCC: 0.46822309494018555 Validation: Val_MAE: 0.17513775825500488, Val_PLCC: 0.4464508295059204 Val_SROCC: 0.44208359718322754 ]
Epoch 167 : [ MAE: 0.17162351310253143, PLCC: 0.49022912979125977 SROCC: 0.45994994044303894 Validation: Val_MAE: 0.17556127905845642, Val_PLCC: 0.4464758038520813 Val_SROCC: 0.44180500507354736 ]
Epoch 168 : [ MAE: 0.17176119983196259, PLCC: 0.5164482593536377 SROCC: 0.5338843464851379 Validation: Val_MAE: 0.17513085901737213, Val_PLCC: 0.4464404284954071 Val_SROCC: 0.44140446186065674 ]
Epoch 169 : [ MAE: 0.17145366966724396, PLCC: 0.5100728273391724 SROCC: 0.5300965905189514 Validation: Val_MAE: 0.1747378706932068, Val_PLCC: 0.4462110102176666 Val_SROCC: 0.4413410425186157 ]
Epoch 170 : [ MAE: 0.1715523600578308, PLCC: 0.5212425589561462 SROCC: 0.5672196745872498 Validation: Val_MAE: 0.17505112290382385, Val_PLCC: 0.4460677206516266 Val_SROCC: 0.44139161705970764 ]
Epoch 171 : [ MAE: 0.17178970575332642, PLCC: 0.4957529306411743 SROCC: 0.4929658770561218 Validation: Val_MAE: 0.1749652922153473, Val_PLCC: 0.4459354281425476 Val_SROCC: 0.4407486319541931 ]
Epoch 172 : [ MAE: 0.17183850705623627, PLCC: 0.507135272026062 SROCC: 0.5174286961555481 Validation: Val_MAE: 0.17473086714744568, Val_PLCC: 0.44580045342445374 Val_SROCC: 0.44084253907203674 ]
Epoch 173 : [ MAE: 0.17138291895389557, PLCC: 0.5125874280929565 SROCC: 0.556482195854187 Validation: Val_MAE: 0.17489129304885864, Val_PLCC: 0.44573143124580383 Val_SROCC: 0.44102317094802856 ]
Epoch 174 : [ MAE: 0.17157642543315887, PLCC: 0.49526864290237427 SROCC: 0.45810666680336 Validation: Val_MAE: 0.17520998418331146, Val_PLCC: 0.44554951786994934 Val_SROCC: 0.4411010444164276 ]
Epoch 175 : [ MAE: 0.17158105969429016, PLCC: 0.5187941193580627 SROCC: 0.578833818435669 Validation: Val_MAE: 0.17498508095741272, Val_PLCC: 0.44538527727127075 Val_SROCC: 0.44152888655662537 ]
Epoch 176 : [ MAE: 0.17141930758953094, PLCC: 0.4912242889404297 SROCC: 0.4587377905845642 Validation: Val_MAE: 0.1747550219297409, Val_PLCC: 0.445138156414032 Val_SROCC: 0.4404652714729309 ]
Epoch 177 : [ MAE: 0.1714971661567688, PLCC: 0.5280394554138184 SROCC: 0.5828500390052795 Validation: Val_MAE: 0.174729585647583, Val_PLCC: 0.44496580958366394 Val_SROCC: 0.44027742743492126 ]
Epoch 178 : [ MAE: 0.1715492606163025, PLCC: 0.4976750612258911 SROCC: 0.4777907729148865 Validation: Val_MAE: 0.1747949719429016, Val_PLCC: 0.445026159286499 Val_SROCC: 0.44027742743492126 ]
Epoch 179 : [ MAE: 0.1713281273841858, PLCC: 0.501254677772522 SROCC: 0.516140878200531 Validation: Val_MAE: 0.17487677931785583, Val_PLCC: 0.44508644938468933 Val_SROCC: 0.44027742743492126 ]
Epoch 180 : [ MAE: 0.1713639497756958, PLCC: 0.4977167248725891 SROCC: 0.4589533805847168 Validation: Val_MAE: 0.17495182156562805, Val_PLCC: 0.44513604044914246 Val_SROCC: 0.44027742743492126 ]
Epoch 181 : [ MAE: 0.17149870097637177, PLCC: 0.5010005235671997 SROCC: 0.4913680851459503 Validation: Val_MAE: 0.1748877614736557, Val_PLCC: 0.4450691342353821 Val_SROCC: 0.4406675696372986 ]
Epoch 182 : [ MAE: 0.17136773467063904, PLCC: 0.5320806503295898 SROCC: 0.583561897277832 Validation: Val_MAE: 0.17487695813179016, Val_PLCC: 0.44509127736091614 Val_SROCC: 0.4406675696372986 ]
Epoch 183 : [ MAE: 0.1715260148048401, PLCC: 0.507028341293335 SROCC: 0.5253562927246094 Validation: Val_MAE: 0.17485743761062622, Val_PLCC: 0.4448812007904053 Val_SROCC: 0.4417223632335663 ]
Epoch 184 : [ MAE: 0.17139896750450134, PLCC: 0.4803970456123352 SROCC: 0.41926297545433044 Validation: Val_MAE: 0.17490407824516296, Val_PLCC: 0.44487327337265015 Val_SROCC: 0.44211408495903015 ]
Epoch 185 : [ MAE: 0.17137907445430756, PLCC: 0.5131949186325073 SROCC: 0.5094561576843262 Validation: Val_MAE: 0.17476922273635864, Val_PLCC: 0.44500043988227844 Val_SROCC: 0.44461381435394287 ]
Epoch 186 : [ MAE: 0.1715504676103592, PLCC: 0.52400803565979 SROCC: 0.5366632342338562 Validation: Val_MAE: 0.17473827302455902, Val_PLCC: 0.4449276328086853 Val_SROCC: 0.4453202188014984 ]
Epoch 187 : [ MAE: 0.17150390148162842, PLCC: 0.5136828422546387 SROCC: 0.5546389222145081 Validation: Val_MAE: 0.17467425763607025, Val_PLCC: 0.44501379132270813 Val_SROCC: 0.44526243209838867 ]
Epoch 188 : [ MAE: 0.17128102481365204, PLCC: 0.48219823837280273 SROCC: 0.4137931168079376 Validation: Val_MAE: 0.17492803931236267, Val_PLCC: 0.4450102150440216 Val_SROCC: 0.44461220502853394 ]
Epoch 189 : [ MAE: 0.1714816391468048, PLCC: 0.5143588781356812 SROCC: 0.5649417638778687 Validation: Val_MAE: 0.17560920119285583, Val_PLCC: 0.4450475573539734 Val_SROCC: 0.44461220502853394 ]
Epoch 190 : [ MAE: 0.17176474630832672, PLCC: 0.5034290552139282 SROCC: 0.49603620171546936 Validation: Val_MAE: 0.17541621625423431, Val_PLCC: 0.4448845386505127 Val_SROCC: 0.4434145390987396 ]
Epoch 191 : [ MAE: 0.17178112268447876, PLCC: 0.5053529143333435 SROCC: 0.4742240905761719 Validation: Val_MAE: 0.17483387887477875, Val_PLCC: 0.4448603391647339 Val_SROCC: 0.4456469416618347 ]
Epoch 192 : [ MAE: 0.1712588667869568, PLCC: 0.4993349313735962 SROCC: 0.46491867303848267 Validation: Val_MAE: 0.1746818721294403, Val_PLCC: 0.44487178325653076 Val_SROCC: 0.44656288623809814 ]
Epoch 193 : [ MAE: 0.17132946848869324, PLCC: 0.5326830148696899 SROCC: 0.6225179433822632 Validation: Val_MAE: 0.17465974390506744, Val_PLCC: 0.44507384300231934 Val_SROCC: 0.44711193442344666 ]
Epoch 194 : [ MAE: 0.17140740156173706, PLCC: 0.5059677362442017 SROCC: 0.5469810962677002 Validation: Val_MAE: 0.1746593862771988, Val_PLCC: 0.4454942047595978 Val_SROCC: 0.44820448756217957 ]
Epoch 195 : [ MAE: 0.17129136621952057, PLCC: 0.47090283036231995 SROCC: 0.4128190279006958 Validation: Val_MAE: 0.17481151223182678, Val_PLCC: 0.4460807740688324 Val_SROCC: 0.44770437479019165 ]
Epoch 196 : [ MAE: 0.17119795083999634, PLCC: 0.49504518508911133 SROCC: 0.4608715772628784 Validation: Val_MAE: 0.17543019354343414, Val_PLCC: 0.44677385687828064 Val_SROCC: 0.44770437479019165 ]
Epoch 197 : [ MAE: 0.17160652577877045, PLCC: 0.4970000386238098 SROCC: 0.48523131012916565 Validation: Val_MAE: 0.17614994943141937, Val_PLCC: 0.4474487006664276 Val_SROCC: 0.44851353764533997 ]
Epoch 198 : [ MAE: 0.17205744981765747, PLCC: 0.5289926528930664 SROCC: 0.5757541656494141 Validation: Val_MAE: 0.17611925303936005, Val_PLCC: 0.4479362964630127 Val_SROCC: 0.44851353764533997 ]
Epoch 199 : [ MAE: 0.17191030085086823, PLCC: 0.5170944929122925 SROCC: 0.5614800453186035 Validation: Val_MAE: 0.17597320675849915, Val_PLCC: 0.44843029975891113 Val_SROCC: 0.45141223073005676 ]
Epoch 200 : [ MAE: 0.17179438471794128, PLCC: 0.5291693210601807 SROCC: 0.6068875789642334 Validation: Val_MAE: 0.1752544492483139, Val_PLCC: 0.44852426648139954 Val_SROCC: 0.45104214549064636 ]
Epoch 201 : [ MAE: 0.17132559418678284, PLCC: 0.5017281770706177 SROCC: 0.5112394690513611 Validation: Val_MAE: 0.17460773885250092, Val_PLCC: 0.4483032524585724 Val_SROCC: 0.45073872804641724 ]
Epoch 202 : [ MAE: 0.1717299222946167, PLCC: 0.478388249874115 SROCC: 0.4079943001270294 Validation: Val_MAE: 0.17506948113441467, Val_PLCC: 0.4482041299343109 Val_SROCC: 0.4501190185546875 ]
Epoch 203 : [ MAE: 0.17189300060272217, PLCC: 0.5151447653770447 SROCC: 0.5275067687034607 Validation: Val_MAE: 0.17494621872901917, Val_PLCC: 0.4487990438938141 Val_SROCC: 0.4510132670402527 ]
Epoch 204 : [ MAE: 0.17166756093502045, PLCC: 0.5101162791252136 SROCC: 0.5070434212684631 Validation: Val_MAE: 0.1747615486383438, Val_PLCC: 0.4494156837463379 Val_SROCC: 0.4524870812892914 ]
Epoch 205 : [ MAE: 0.17148616909980774, PLCC: 0.5120598077774048 SROCC: 0.5329467058181763 Validation: Val_MAE: 0.1744883954524994, Val_PLCC: 0.4500262141227722 Val_SROCC: 0.45323845744132996 ]
Epoch 206 : [ MAE: 0.17121224105358124, PLCC: 0.4896523356437683 SROCC: 0.42142847180366516 Validation: Val_MAE: 0.17468132078647614, Val_PLCC: 0.4508642852306366 Val_SROCC: 0.4531228542327881 ]
Epoch 207 : [ MAE: 0.17113740742206573, PLCC: 0.5041496753692627 SROCC: 0.4784051775932312 Validation: Val_MAE: 0.17486755549907684, Val_PLCC: 0.45154985785484314 Val_SROCC: 0.453671932220459 ]
Epoch 208 : [ MAE: 0.17161431908607483, PLCC: 0.5234171152114868 SROCC: 0.5474306344985962 Validation: Val_MAE: 0.17472611367702484, Val_PLCC: 0.45225441455841064 Val_SROCC: 0.4552902579307556 ]
Epoch 209 : [ MAE: 0.17120473086833954, PLCC: 0.5252417325973511 SROCC: 0.5824604034423828 Validation: Val_MAE: 0.17443524301052094, Val_PLCC: 0.45249417424201965 Val_SROCC: 0.4542210102081299 ]
Epoch 210 : [ MAE: 0.1714499443769455, PLCC: 0.5148757100105286 SROCC: 0.46455812454223633 Validation: Val_MAE: 0.17455893754959106, Val_PLCC: 0.45291200280189514 Val_SROCC: 0.4542210102081299 ]
Epoch 211 : [ MAE: 0.17131811380386353, PLCC: 0.4954089820384979 SROCC: 0.46640142798423767 Validation: Val_MAE: 0.1744116246700287, Val_PLCC: 0.45420485734939575 Val_SROCC: 0.4543944001197815 ]
Epoch 212 : [ MAE: 0.17147602140903473, PLCC: 0.5079295635223389 SROCC: 0.5315155386924744 Validation: Val_MAE: 0.1745217889547348, Val_PLCC: 0.4553127586841583 Val_SROCC: 0.4572136700153351 ]
Epoch 213 : [ MAE: 0.17095054686069489, PLCC: 0.5059719681739807 SROCC: 0.5059719085693359 Validation: Val_MAE: 0.1743350774049759, Val_PLCC: 0.4561076760292053 Val_SROCC: 0.45926380157470703 ]
Epoch 214 : [ MAE: 0.17105542123317719, PLCC: 0.5205906629562378 SROCC: 0.5013862252235413 Validation: Val_MAE: 0.17438462376594543, Val_PLCC: 0.4573129415512085 Val_SROCC: 0.46024635434150696 ]
Epoch 215 : [ MAE: 0.17119234800338745, PLCC: 0.5166013240814209 SROCC: 0.4908585548400879 Validation: Val_MAE: 0.17428351938724518, Val_PLCC: 0.4585554003715515 Val_SROCC: 0.46257269382476807 ]
Epoch 216 : [ MAE: 0.1711113303899765, PLCC: 0.4994550347328186 SROCC: 0.45768705010414124 Validation: Val_MAE: 0.17424173653125763, Val_PLCC: 0.4597266614437103 Val_SROCC: 0.46421992778778076 ]
Epoch 217 : [ MAE: 0.17105849087238312, PLCC: 0.47826695442199707 SROCC: 0.3770025074481964 Validation: Val_MAE: 0.17445610463619232, Val_PLCC: 0.4614129960536957 Val_SROCC: 0.46527472138404846 ]
Epoch 218 : [ MAE: 0.17090024054050446, PLCC: 0.5353164076805115 SROCC: 0.5702917575836182 Validation: Val_MAE: 0.17445647716522217, Val_PLCC: 0.4635751247406006 Val_SROCC: 0.46599718928337097 ]
Epoch 219 : [ MAE: 0.17086584866046906, PLCC: 0.5541338920593262 SROCC: 0.6226828098297119 Validation: Val_MAE: 0.17436696588993073, Val_PLCC: 0.46558114886283875 Val_SROCC: 0.4677022099494934 ]
Epoch 220 : [ MAE: 0.17076098918914795, PLCC: 0.5152074098587036 SROCC: 0.48594313859939575 Validation: Val_MAE: 0.17414049804210663, Val_PLCC: 0.46697717905044556 Val_SROCC: 0.46645957231521606 ]
Epoch 221 : [ MAE: 0.17059677839279175, PLCC: 0.5148139595985413 SROCC: 0.4951595366001129 Validation: Val_MAE: 0.17400169372558594, Val_PLCC: 0.46893465518951416 Val_SROCC: 0.467442125082016 ]
Epoch 222 : [ MAE: 0.17063012719154358, PLCC: 0.515360951423645 SROCC: 0.4734523296356201 Validation: Val_MAE: 0.1739073395729065, Val_PLCC: 0.4713168144226074 Val_SROCC: 0.4665895998477936 ]
Epoch 223 : [ MAE: 0.170526921749115, PLCC: 0.5270683765411377 SROCC: 0.5148661136627197 Validation: Val_MAE: 0.17378942668437958, Val_PLCC: 0.4737497866153717 Val_SROCC: 0.46897372603416443 ]
Epoch 224 : [ MAE: 0.17064742743968964, PLCC: 0.5381255149841309 SROCC: 0.5680663585662842 Validation: Val_MAE: 0.17378102242946625, Val_PLCC: 0.4759265184402466 Val_SROCC: 0.4698840379714966 ]
Epoch 225 : [ MAE: 0.17079973220825195, PLCC: 0.542617917060852 SROCC: 0.5742555856704712 Validation: Val_MAE: 0.1740380972623825, Val_PLCC: 0.47777271270751953 Val_SROCC: 0.47096773982048035 ]
Epoch 226 : [ MAE: 0.17039933800697327, PLCC: 0.5286113023757935 SROCC: 0.533815860748291 Validation: Val_MAE: 0.17376112937927246, Val_PLCC: 0.47973665595054626 Val_SROCC: 0.47244158387184143 ]
Epoch 227 : [ MAE: 0.17019657790660858, PLCC: 0.5383051633834839 SROCC: 0.5220518708229065 Validation: Val_MAE: 0.1734277456998825, Val_PLCC: 0.4823507070541382 Val_SROCC: 0.4771665036678314 ]
Epoch 228 : [ MAE: 0.17009322345256805, PLCC: 0.5417654514312744 SROCC: 0.5579058527946472 Validation: Val_MAE: 0.17325285077095032, Val_PLCC: 0.485413521528244 Val_SROCC: 0.48105335235595703 ]
Epoch 229 : [ MAE: 0.16997237503528595, PLCC: 0.5538438558578491 SROCC: 0.5640800595283508 Validation: Val_MAE: 0.17322853207588196, Val_PLCC: 0.48793885111808777 Val_SROCC: 0.4874977469444275 ]
Epoch 230 : [ MAE: 0.16977931559085846, PLCC: 0.5409336090087891 SROCC: 0.5610154271125793 Validation: Val_MAE: 0.17317001521587372, Val_PLCC: 0.4907943904399872 Val_SROCC: 0.48858144879341125 ]
Epoch 231 : [ MAE: 0.1695503294467926, PLCC: 0.533664345741272 SROCC: 0.49754229187965393 Validation: Val_MAE: 0.17290917038917542, Val_PLCC: 0.4943106770515442 Val_SROCC: 0.4924105107784271 ]
Epoch 232 : [ MAE: 0.169275164604187, PLCC: 0.5395073890686035 SROCC: 0.5531702637672424 Validation: Val_MAE: 0.17255590856075287, Val_PLCC: 0.49883466958999634 Val_SROCC: 0.49892714619636536 ]
Epoch 233 : [ MAE: 0.16922591626644135, PLCC: 0.5465446710586548 SROCC: 0.5601238012313843 Validation: Val_MAE: 0.1722928285598755, Val_PLCC: 0.5041121244430542 Val_SROCC: 0.5079435110092163 ]
Epoch 234 : [ MAE: 0.16913609206676483, PLCC: 0.5608087778091431 SROCC: 0.5687257647514343 Validation: Val_MAE: 0.17209385335445404, Val_PLCC: 0.5090039968490601 Val_SROCC: 0.5128418207168579 ]
Epoch 235 : [ MAE: 0.16905711591243744, PLCC: 0.562564492225647 SROCC: 0.5775150060653687 Validation: Val_MAE: 0.17176908254623413, Val_PLCC: 0.5127902030944824 Val_SROCC: 0.5155583024024963 ]
Epoch 236 : [ MAE: 0.16852794587612152, PLCC: 0.566270649433136 SROCC: 0.5738584399223328 Validation: Val_MAE: 0.17160269618034363, Val_PLCC: 0.5141237378120422 Val_SROCC: 0.518014669418335 ]
Epoch 237 : [ MAE: 0.16794148087501526, PLCC: 0.5343841910362244 SROCC: 0.4679374694824219 Validation: Val_MAE: 0.17171350121498108, Val_PLCC: 0.5167058110237122 Val_SROCC: 0.5253838300704956 ]
Epoch 238 : [ MAE: 0.16769464313983917, PLCC: 0.5519357323646545 SROCC: 0.5257759094238281 Validation: Val_MAE: 0.17131750285625458, Val_PLCC: 0.5234190225601196 Val_SROCC: 0.5277390480041504 ]
Epoch 239 : [ MAE: 0.1672348529100418, PLCC: 0.5612857341766357 SROCC: 0.5261430740356445 Validation: Val_MAE: 0.17055752873420715, Val_PLCC: 0.5325441956520081 Val_SROCC: 0.5272333025932312 ]
Epoch 240 : [ MAE: 0.16648149490356445, PLCC: 0.5570127964019775 SROCC: 0.503635048866272 Validation: Val_MAE: 0.16950009763240814, Val_PLCC: 0.5427918434143066 Val_SROCC: 0.5291261672973633 ]
Epoch 241 : [ MAE: 0.16589514911174774, PLCC: 0.5838168859481812 SROCC: 0.6183668375015259 Validation: Val_MAE: 0.1688188761472702, Val_PLCC: 0.5483114123344421 Val_SROCC: 0.5333020091056824 ]
Epoch 242 : [ MAE: 0.1657174527645111, PLCC: 0.5797863602638245 SROCC: 0.6086034774780273 Validation: Val_MAE: 0.16815529763698578, Val_PLCC: 0.5474197268486023 Val_SROCC: 0.5358451008796692 ]
Epoch 243 : [ MAE: 0.16428667306900024, PLCC: 0.5894267559051514 SROCC: 0.6327608823776245 Validation: Val_MAE: 0.16875562071800232, Val_PLCC: 0.5379503965377808 Val_SROCC: 0.5393996238708496 ]
Epoch 244 : [ MAE: 0.16418394446372986, PLCC: 0.5755970478057861 SROCC: 0.5914969444274902 Validation: Val_MAE: 0.1686878651380539, Val_PLCC: 0.5367733836174011 Val_SROCC: 0.546422004699707 ]
Epoch 245 : [ MAE: 0.1634492576122284, PLCC: 0.582228422164917 SROCC: 0.6174077391624451 Validation: Val_MAE: 0.16619127988815308, Val_PLCC: 0.5490291714668274 Val_SROCC: 0.5480836629867554 ]
Epoch 246 : [ MAE: 0.1613701432943344, PLCC: 0.5818202495574951 SROCC: 0.5497235059738159 Validation: Val_MAE: 0.16430236399173737, Val_PLCC: 0.5610077381134033 Val_SROCC: 0.5509446263313293 ]
Epoch 247 : [ MAE: 0.16019564867019653, PLCC: 0.5919472575187683 SROCC: 0.638335645198822 Validation: Val_MAE: 0.16324350237846375, Val_PLCC: 0.5688199996948242 Val_SROCC: 0.5547881126403809 ]
Epoch 248 : [ MAE: 0.1593223363161087, PLCC: 0.5802785158157349 SROCC: 0.5848431587219238 Validation: Val_MAE: 0.1619327813386917, Val_PLCC: 0.5699384808540344 Val_SROCC: 0.5566665530204773 ]
Epoch 249 : [ MAE: 0.15778163075447083, PLCC: 0.5819371342658997 SROCC: 0.6035231947898865 Validation: Val_MAE: 0.1605364978313446, Val_PLCC: 0.5635558366775513 Val_SROCC: 0.557894766330719 ]
Epoch 250 : [ MAE: 0.1558191180229187, PLCC: 0.5796608924865723 SROCC: 0.5625739693641663 Validation: Val_MAE: 0.15987083315849304, Val_PLCC: 0.5507773160934448 Val_SROCC: 0.5623306632041931 ]
Epoch 251 : [ MAE: 0.15382780134677887, PLCC: 0.5465774536132812 SROCC: 0.5202610492706299 Validation: Val_MAE: 0.15949329733848572, Val_PLCC: 0.542962908744812 Val_SROCC: 0.5665498971939087 ]
Epoch 252 : [ MAE: 0.1526256948709488, PLCC: 0.5810515284538269 SROCC: 0.6062281727790833 Validation: Val_MAE: 0.15743781626224518, Val_PLCC: 0.5570732355117798 Val_SROCC: 0.5702344179153442 ]
Epoch 253 : [ MAE: 0.15037335455417633, PLCC: 0.5860905051231384 SROCC: 0.629508912563324 Validation: Val_MAE: 0.153321772813797, Val_PLCC: 0.5854102373123169 Val_SROCC: 0.5717660784721375 ]
Epoch 254 : [ MAE: 0.14808839559555054, PLCC: 0.5622683167457581 SROCC: 0.4977221190929413 Validation: Val_MAE: 0.1508721262216568, Val_PLCC: 0.6006004810333252 Val_SROCC: 0.5762742757797241 ]
Epoch 255 : [ MAE: 0.1469992846250534, PLCC: 0.5888348817825317 SROCC: 0.6313971281051636 Validation: Val_MAE: 0.1488456279039383, Val_PLCC: 0.6006267666816711 Val_SROCC: 0.582646369934082 ]
Epoch 256 : [ MAE: 0.14456085860729218, PLCC: 0.5946359634399414 SROCC: 0.6400964856147766 Validation: Val_MAE: 0.14944998919963837, Val_PLCC: 0.5960118770599365 Val_SROCC: 0.5878047943115234 ]
Epoch 257 : [ MAE: 0.14338962733745575, PLCC: 0.5744694471359253 SROCC: 0.5486220121383667 Validation: Val_MAE: 0.1472289115190506, Val_PLCC: 0.6056883335113525 Val_SROCC: 0.5929343104362488 ]
Epoch 258 : [ MAE: 0.14156731963157654, PLCC: 0.5808005332946777 SROCC: 0.6142306923866272 Validation: Val_MAE: 0.14393101632595062, Val_PLCC: 0.6193640232086182 Val_SROCC: 0.5999855399131775 ]
Epoch 259 : [ MAE: 0.1404821127653122, PLCC: 0.6122876405715942 SROCC: 0.7145318984985352 Validation: Val_MAE: 0.14301668107509613, Val_PLCC: 0.6232723593711853 Val_SROCC: 0.6040602326393127 ]
Epoch 260 : [ MAE: 0.14001810550689697, PLCC: 0.5842604041099548 SROCC: 0.5641700029373169 Validation: Val_MAE: 0.14358457922935486, Val_PLCC: 0.6137720942497253 Val_SROCC: 0.6036990284919739 ]
Epoch 261 : [ MAE: 0.13904599845409393, PLCC: 0.5847227573394775 SROCC: 0.6145903468132019 Validation: Val_MAE: 0.14417001605033875, Val_PLCC: 0.604667603969574 Val_SROCC: 0.6076436638832092 ]
Epoch 262 : [ MAE: 0.13856686651706696, PLCC: 0.5863864421844482 SROCC: 0.6586117148399353 Validation: Val_MAE: 0.144216850399971, Val_PLCC: 0.607257068157196 Val_SROCC: 0.6089296936988831 ]
Epoch 263 : [ MAE: 0.1376042664051056, PLCC: 0.5756231546401978 SROCC: 0.5620869398117065 Validation: Val_MAE: 0.14490008354187012, Val_PLCC: 0.5923817157745361 Val_SROCC: 0.6088429689407349 ]
Epoch 264 : [ MAE: 0.13768795132637024, PLCC: 0.5718733072280884 SROCC: 0.5705165863037109 Validation: Val_MAE: 0.1451592743396759, Val_PLCC: 0.5888674259185791 Val_SROCC: 0.609897792339325 ]
Epoch 265 : [ MAE: 0.13748641312122345, PLCC: 0.5966870784759521 SROCC: 0.6618561744689941 Validation: Val_MAE: 0.14548465609550476, Val_PLCC: 0.6002785563468933 Val_SROCC: 0.6074269413948059 ]
Epoch 266 : [ MAE: 0.13766220211982727, PLCC: 0.5811588764190674 SROCC: 0.6401190161705017 Validation: Val_MAE: 0.14551958441734314, Val_PLCC: 0.6007864475250244 Val_SROCC: 0.6099555492401123 ]
Epoch 267 : [ MAE: 0.1370648592710495, PLCC: 0.5920770168304443 SROCC: 0.6363649964332581 Validation: Val_MAE: 0.1444924771785736, Val_PLCC: 0.6077967286109924 Val_SROCC: 0.6111115217208862 ]
Epoch 268 : [ MAE: 0.13664241135120392, PLCC: 0.5840208530426025 SROCC: 0.5703142285346985 Validation: Val_MAE: 0.14304687082767487, Val_PLCC: 0.6058608889579773 Val_SROCC: 0.6143770813941956 ]
Epoch 269 : [ MAE: 0.13663360476493835, PLCC: 0.5906695127487183 SROCC: 0.600428581237793 Validation: Val_MAE: 0.1427602618932724, Val_PLCC: 0.6122123599052429 Val_SROCC: 0.6133511662483215 ]
Epoch 270 : [ MAE: 0.1356935203075409, PLCC: 0.5484073162078857 SROCC: 0.4761198163032532 Validation: Val_MAE: 0.14283747971057892, Val_PLCC: 0.6205366253852844 Val_SROCC: 0.6133511662483215 ]
Epoch 271 : [ MAE: 0.13597945868968964, PLCC: 0.605530321598053 SROCC: 0.6553072929382324 Validation: Val_MAE: 0.1423320323228836, Val_PLCC: 0.622722327709198 Val_SROCC: 0.6139869093894958 ]
Epoch 272 : [ MAE: 0.135921448469162, PLCC: 0.6189998388290405 SROCC: 0.7065518498420715 Validation: Val_MAE: 0.14152108132839203, Val_PLCC: 0.6181022524833679 Val_SROCC: 0.6137990951538086 ]
Epoch 273 : [ MAE: 0.13578031957149506, PLCC: 0.5857641100883484 SROCC: 0.5775749683380127 Validation: Val_MAE: 0.14222963154315948, Val_PLCC: 0.6119969487190247 Val_SROCC: 0.6123396754264832 ]
Epoch 274 : [ MAE: 0.13641950488090515, PLCC: 0.6018821001052856 SROCC: 0.594329297542572 Validation: Val_MAE: 0.14123518764972687, Val_PLCC: 0.6203014254570007 Val_SROCC: 0.6104902029037476 ]
Epoch 275 : [ MAE: 0.13486970961093903, PLCC: 0.5987039804458618 SROCC: 0.607059895992279 Validation: Val_MAE: 0.1410011351108551, Val_PLCC: 0.6219691634178162 Val_SROCC: 0.6113715767860413 ]
Epoch 276 : [ MAE: 0.13499820232391357, PLCC: 0.5831958055496216 SROCC: 0.5221043229103088 Validation: Val_MAE: 0.14106141030788422, Val_PLCC: 0.6212900876998901 Val_SROCC: 0.6158364415168762 ]
Epoch 277 : [ MAE: 0.13465383648872375, PLCC: 0.6282680034637451 SROCC: 0.7218151092529297 Validation: Val_MAE: 0.14138655364513397, Val_PLCC: 0.6173622012138367 Val_SROCC: 0.614304780960083 ]
Epoch 278 : [ MAE: 0.13435205817222595, PLCC: 0.6088383197784424 SROCC: 0.6443899869918823 Validation: Val_MAE: 0.14179179072380066, Val_PLCC: 0.618304431438446 Val_SROCC: 0.6147961020469666 ]
Epoch 279 : [ MAE: 0.13439710438251495, PLCC: 0.6197651028633118 SROCC: 0.6770819425582886 Validation: Val_MAE: 0.14261390268802643, Val_PLCC: 0.6160995960235596 Val_SROCC: 0.6161543130874634 ]
Epoch 280 : [ MAE: 0.13436833024024963, PLCC: 0.6115657091140747 SROCC: 0.6442026495933533 Validation: Val_MAE: 0.14385877549648285, Val_PLCC: 0.6041584610939026 Val_SROCC: 0.6171224117279053 ]
Epoch 281 : [ MAE: 0.13544712960720062, PLCC: 0.5904541015625 SROCC: 0.6242338418960571 Validation: Val_MAE: 0.14454668760299683, Val_PLCC: 0.5997634530067444 Val_SROCC: 0.6177148222923279 ]
Epoch 282 : [ MAE: 0.13446715474128723, PLCC: 0.5978757739067078 SROCC: 0.6293066143989563 Validation: Val_MAE: 0.14271995425224304, Val_PLCC: 0.6180335283279419 Val_SROCC: 0.6183361411094666 ]
Epoch 283 : [ MAE: 0.1345510184764862, PLCC: 0.6007989645004272 SROCC: 0.6214239597320557 Validation: Val_MAE: 0.14241722226142883, Val_PLCC: 0.6214982867240906 Val_SROCC: 0.6185384392738342 ]
Epoch 284 : [ MAE: 0.13431298732757568, PLCC: 0.6207818984985352 SROCC: 0.6788352727890015 Validation: Val_MAE: 0.14185647666454315, Val_PLCC: 0.6155946850776672 Val_SROCC: 0.6191597580909729 ]
Epoch 285 : [ MAE: 0.13377775251865387, PLCC: 0.6109676361083984 SROCC: 0.6327233910560608 Validation: Val_MAE: 0.14347131550312042, Val_PLCC: 0.6110537052154541 Val_SROCC: 0.6201278567314148 ]
Epoch 286 : [ MAE: 0.13579872250556946, PLCC: 0.5962034463882446 SROCC: 0.587825357913971 Validation: Val_MAE: 0.14038389921188354, Val_PLCC: 0.6220136284828186 Val_SROCC: 0.6199544668197632 ]
Epoch 287 : [ MAE: 0.13339786231517792, PLCC: 0.6179096698760986 SROCC: 0.6710276007652283 Validation: Val_MAE: 0.14075404405593872, Val_PLCC: 0.6283194422721863 Val_SROCC: 0.6214138865470886 ]
Epoch 288 : [ MAE: 0.13509151339530945, PLCC: 0.6084926128387451 SROCC: 0.6366946697235107 Validation: Val_MAE: 0.1399667114019394, Val_PLCC: 0.6277833580970764 Val_SROCC: 0.621240496635437 ]
Epoch 289 : [ MAE: 0.13422225415706635, PLCC: 0.6250700950622559 SROCC: 0.6681877374649048 Validation: Val_MAE: 0.14023467898368835, Val_PLCC: 0.6223450899124146 Val_SROCC: 0.621240496635437 ]
Epoch 290 : [ MAE: 0.13550467789173126, PLCC: 0.6145898103713989 SROCC: 0.6547752618789673 Validation: Val_MAE: 0.14123038947582245, Val_PLCC: 0.6184989213943481 Val_SROCC: 0.6216017007827759 ]
Epoch 291 : [ MAE: 0.13367241621017456, PLCC: 0.6120672225952148 SROCC: 0.6526772379875183 Validation: Val_MAE: 0.14077241718769073, Val_PLCC: 0.6231464147567749 Val_SROCC: 0.621500551700592 ]
Epoch 292 : [ MAE: 0.1338491439819336, PLCC: 0.6035362482070923 SROCC: 0.5958353877067566 Validation: Val_MAE: 0.14130200445652008, Val_PLCC: 0.6191203594207764 Val_SROCC: 0.6209659576416016 ]
Epoch 293 : [ MAE: 0.1333351582288742, PLCC: 0.6266496181488037 SROCC: 0.7043114900588989 Validation: Val_MAE: 0.14275237917900085, Val_PLCC: 0.6099612712860107 Val_SROCC: 0.6199689507484436 ]
Epoch 294 : [ MAE: 0.13313908874988556, PLCC: 0.5962808132171631 SROCC: 0.5750722885131836 Validation: Val_MAE: 0.14336460828781128, Val_PLCC: 0.6059130430221558 Val_SROCC: 0.6200411915779114 ]
Epoch 295 : [ MAE: 0.1334332972764969, PLCC: 0.5988031625747681 SROCC: 0.591564416885376 Validation: Val_MAE: 0.1427852213382721, Val_PLCC: 0.6094133257865906 Val_SROCC: 0.6205324530601501 ]
Epoch 296 : [ MAE: 0.1331174373626709, PLCC: 0.6120550632476807 SROCC: 0.6440528035163879 Validation: Val_MAE: 0.14198632538318634, Val_PLCC: 0.613753616809845 Val_SROCC: 0.6188129782676697 ]
Epoch 297 : [ MAE: 0.1334543526172638, PLCC: 0.6140220165252686 SROCC: 0.6294189691543579 Validation: Val_MAE: 0.14142629504203796, Val_PLCC: 0.6164495944976807 Val_SROCC: 0.6208937168121338 ]
Epoch 298 : [ MAE: 0.1329919695854187, PLCC: 0.6219788789749146 SROCC: 0.6924200654029846 Validation: Val_MAE: 0.14158029854297638, Val_PLCC: 0.6166245937347412 Val_SROCC: 0.6211393475532532 ]
Epoch 299 : [ MAE: 0.13374784588813782, PLCC: 0.61488276720047 SROCC: 0.6472448110580444 Validation: Val_MAE: 0.1399303525686264, Val_PLCC: 0.6227084398269653 Val_SROCC: 0.6222230195999146 ]
Evaluation results: [ MAE: 0.1407543420791626, PLCC: 0.5773138403892517 SROCC: 0.6272727251052856 ]
